Using pre-set license
Built from '2020.3/staging' branch; Version is '2020.3.30f1 (1fb1bf06830e) revision 2077119'; Using compiler version '192528614'; Build Type 'Release'
OS: 'Windows 10  (10.0.19045) 64bit Professional' Language: 'sr' Physical Memory: 32701 MB
BatchMode: 1, IsHumanControllingUs: 0, StartBugReporterOnCrash: 0, Is64bit: 1, IsPro: 0

COMMAND LINE ARGUMENTS:
E:\Unity Installs\2020.3.30f1\Editor\Unity.exe
-adb2
-batchMode
-noUpm
-name
AssetImportWorker2
-projectPath
E:/Unity Projects/A-Week-To-Survive/A-Week-To-Survive
-logFile
Logs/AssetImportWorker2.log
-srvPort
51755
Successfully changed project path to: E:/Unity Projects/A-Week-To-Survive/A-Week-To-Survive
E:/Unity Projects/A-Week-To-Survive/A-Week-To-Survive
Using Asset Import Pipeline V2.
Refreshing native plugins compatible for Editor in 47.76 ms, found 2 plugins.
Preloading 0 native plugins for Editor in 0.00 ms.
Initialize engine version: 2020.3.30f1 (1fb1bf06830e)
[Subsystems] Discovering subsystems at path E:/Unity Installs/2020.3.30f1/Editor/Data/Resources/UnitySubsystems
[Subsystems] Discovering subsystems at path E:/Unity Projects/A-Week-To-Survive/A-Week-To-Survive/Assets
GfxDevice: creating device client; threaded=0
Direct3D:
    Version:  Direct3D 11.0 [level 11.1]
    Renderer: NVIDIA GeForce RTX 3070 (ID=0x2484)
    Vendor:   
    VRAM:     8031 MB
    Driver:   31.0.15.2802
Initialize mono
Mono path[0] = 'E:/Unity Installs/2020.3.30f1/Editor/Data/Managed'
Mono path[1] = 'E:/Unity Installs/2020.3.30f1/Editor/Data/MonoBleedingEdge/lib/mono/unityjit'
Mono config path = 'E:/Unity Installs/2020.3.30f1/Editor/Data/MonoBleedingEdge/etc'
Using monoOptions --debugger-agent=transport=dt_socket,embedding=1,server=y,suspend=n,address=127.0.0.1:56388
Begin MonoManager ReloadAssembly
Registering precompiled unity dll's ...
Register platform support module: E:/Unity Installs/2020.3.30f1/Editor/Data/PlaybackEngines/WindowsStandaloneSupport/UnityEditor.WindowsStandalone.Extensions.dll
Registered in 0.001461 seconds.
Native extension for WindowsStandalone target not found
Refreshing native plugins compatible for Editor in 46.16 ms, found 2 plugins.
Preloading 0 native plugins for Editor in 0.00 ms.
Mono: successfully reloaded assembly
- Completed reload, in  0.717 seconds
Domain Reload Profiling:
	ReloadAssembly (717ms)
		BeginReloadAssembly (93ms)
			ExecutionOrderSort (0ms)
			DisableScriptedObjects (0ms)
			BackupInstance (0ms)
			ReleaseScriptingObjects (0ms)
			CreateAndSetChildDomain (1ms)
		EndReloadAssembly (537ms)
			LoadAssemblies (93ms)
			RebuildTransferFunctionScriptingTraits (0ms)
			SetupTypeCache (199ms)
			ReleaseScriptCaches (0ms)
			RebuildScriptCaches (32ms)
			SetupLoadedEditorAssemblies (198ms)
				LogAssemblyErrors (0ms)
				InitializePlatformSupportModulesInManaged (5ms)
				SetLoadedEditorAssemblies (0ms)
				RefreshPlugins (46ms)
				BeforeProcessingInitializeOnLoad (17ms)
				ProcessInitializeOnLoadAttributes (96ms)
				ProcessInitializeOnLoadMethodAttributes (33ms)
				AfterProcessingInitializeOnLoad (0ms)
				EditorAssembliesLoaded (0ms)
			ExecutionOrderSort2 (0ms)
			AwakeInstancesAfterBackupRestoration (0ms)
Platform modules already initialized, skipping
Registering precompiled user dll's ...
Registered in 0.003428 seconds.
Begin MonoManager ReloadAssembly
Native extension for WindowsStandalone target not found
Refreshing native plugins compatible for Editor in 0.42 ms, found 2 plugins.
Preloading 0 native plugins for Editor in 0.00 ms.
Mono: successfully reloaded assembly
- Completed reload, in  1.205 seconds
Domain Reload Profiling:
	ReloadAssembly (1206ms)
		BeginReloadAssembly (187ms)
			ExecutionOrderSort (0ms)
			DisableScriptedObjects (6ms)
			BackupInstance (0ms)
			ReleaseScriptingObjects (0ms)
			CreateAndSetChildDomain (18ms)
		EndReloadAssembly (953ms)
			LoadAssemblies (127ms)
			RebuildTransferFunctionScriptingTraits (0ms)
			SetupTypeCache (303ms)
			ReleaseScriptCaches (0ms)
			RebuildScriptCaches (46ms)
			SetupLoadedEditorAssemblies (396ms)
				LogAssemblyErrors (0ms)
				InitializePlatformSupportModulesInManaged (5ms)
				SetLoadedEditorAssemblies (1ms)
				RefreshPlugins (0ms)
				BeforeProcessingInitializeOnLoad (82ms)
				ProcessInitializeOnLoadAttributes (294ms)
				ProcessInitializeOnLoadMethodAttributes (11ms)
				AfterProcessingInitializeOnLoad (3ms)
				EditorAssembliesLoaded (0ms)
			ExecutionOrderSort2 (0ms)
			AwakeInstancesAfterBackupRestoration (8ms)
Platform modules already initialized, skipping
========================================================================
Worker process is ready to serve import requests
Launched and connected shader compiler UnityShaderCompiler.exe after 0.62 seconds
Refreshing native plugins compatible for Editor in 0.44 ms, found 2 plugins.
Preloading 0 native plugins for Editor in 0.00 ms.
Unloading 1534 Unused Serialized files (Serialized files now loaded: 0)
System memory in use before: 87.6 MB.
System memory in use after: 87.7 MB.

Unloading 16 unused Assets to reduce memory usage. Loaded Objects now: 1998.
Total: 2.960900 ms (FindLiveObjects: 0.144700 ms CreateObjectMapping: 0.043400 ms MarkObjects: 2.683200 ms  DeleteObjects: 0.088600 ms)

AssetImportParameters requested are different than current active one (requested -> active):
  custom:framework-win-MediaFoundation: 216162199b28c13a410421893ffa2e32 -> 
  custom:video-decoder-ogg-theora: a1e56fd34408186e4bbccfd4996cb3dc -> 
  custom:container-muxer-webm: aa71ff27fc2769a1b78a27578f13a17b -> 
  custom:container-demuxer-webm: 4f35f7cbe854078d1ac9338744f61a02 -> 
  custom:container-demuxer-ogg: 62fdf1f143b41e24485cea50d1cbac27 -> 
  custom:video-encoder-webm-vp8: eb34c28f22e8b96e1ab97ce403110664 -> 
  custom:video-decoder-webm-vp8: 9c59270c3fd7afecdb556c50c9e8de78 -> 
  custom:audio-decoder-ogg-vorbis: bf7c407c2cedff20999df2af8eb42d56 -> 
  custom:audio-encoder-webm-vorbis: bf7c407c2cedff20999df2af8eb42d56 -> 
========================================================================
Received Import Request.
  path: Assets/1stPerson/Models/First Person/Animation Controllers/AxeController.controller
  artifactKey: Guid(a89bccfb1a70c5c48beaab522fbbc7d5) Importer(815301076,1909f56bfc062723c751e8b465ee728b)
Start importing Assets/1stPerson/Models/First Person/Animation Controllers/AxeController.controller using Guid(a89bccfb1a70c5c48beaab522fbbc7d5) Importer(815301076,1909f56bfc062723c751e8b465ee728b)  -> (artifact id: 'ba8da49cc26d32ea4d9ace02c4abd60e') in 0.082655 seconds 
========================================================================
Received Import Request.
  Time since last request: 382.908672 seconds.
  path: Assets/1stPerson/Models/First Person/All Animations/Axe.fbx
  artifactKey: Guid(ded3362b8b3b82243b3043bb355c770c) Importer(815301076,1909f56bfc062723c751e8b465ee728b)
Start importing Assets/1stPerson/Models/First Person/All Animations/Axe.fbx using Guid(ded3362b8b3b82243b3043bb355c770c) Importer(815301076,1909f56bfc062723c751e8b465ee728b)  -> (artifact id: 'b3d320abeaf6582f90472344059a5836') in 0.342218 seconds 
========================================================================
Received Import Request.
  Time since last request: 57.039981 seconds.
  path: Assets/1stPerson/Models/First Person/Axe Animations/Axe Attack.anim
  artifactKey: Guid(22a69c501c9b54148bc4acb2089563a2) Importer(815301076,1909f56bfc062723c751e8b465ee728b)
Start importing Assets/1stPerson/Models/First Person/Axe Animations/Axe Attack.anim using Guid(22a69c501c9b54148bc4acb2089563a2) Importer(815301076,1909f56bfc062723c751e8b465ee728b)  -> (artifact id: 'ad795a8048697a7f55d3c4f74a2e91f0') in 0.023423 seconds 
========================================================================
Received Import Request.
  Time since last request: 1.113016 seconds.
  path: Assets/1stPerson/Models/First Person/Axe Animations/Axe Draw.anim
  artifactKey: Guid(6d0368664035441feaf85240c901d614) Importer(815301076,1909f56bfc062723c751e8b465ee728b)
Start importing Assets/1stPerson/Models/First Person/Axe Animations/Axe Draw.anim using Guid(6d0368664035441feaf85240c901d614) Importer(815301076,1909f56bfc062723c751e8b465ee728b)  -> (artifact id: 'ab74a3b35aeb748469dddea1c573232e') in 0.021157 seconds 
========================================================================
Received Import Request.
  Time since last request: 0.383257 seconds.
  path: Assets/1stPerson/Models/First Person/Axe Animations/Axe Idle.anim
  artifactKey: Guid(451ab1334cf464cdd9204f9ac809f5b6) Importer(815301076,1909f56bfc062723c751e8b465ee728b)
Start importing Assets/1stPerson/Models/First Person/Axe Animations/Axe Idle.anim using Guid(451ab1334cf464cdd9204f9ac809f5b6) Importer(815301076,1909f56bfc062723c751e8b465ee728b)  -> (artifact id: '50b4507a8b7f885fea2b98ab37205f84') in 0.034875 seconds 
========================================================================
Received Import Request.
  Time since last request: 45.236096 seconds.
  path: Assets/1stPerson/Models/First Person/All Animations/Wooden Bow.fbx
  artifactKey: Guid(9ba50ff5806385f4da160695a7223e1d) Importer(815301076,1909f56bfc062723c751e8b465ee728b)
Start importing Assets/1stPerson/Models/First Person/All Animations/Wooden Bow.fbx using Guid(9ba50ff5806385f4da160695a7223e1d) Importer(815301076,1909f56bfc062723c751e8b465ee728b)  -> (artifact id: '700efdaf1a3716d653e96f4195febf9c') in 0.174614 seconds 
========================================================================
Received Import Request.
  Time since last request: 0.000188 seconds.
  path: Assets/1stPerson/Models/First Person/All Animations/Stone Hatchet.fbx
  artifactKey: Guid(77489154fe6edec468aaa5a234832637) Importer(815301076,1909f56bfc062723c751e8b465ee728b)
Start importing Assets/1stPerson/Models/First Person/All Animations/Stone Hatchet.fbx using Guid(77489154fe6edec468aaa5a234832637) Importer(815301076,1909f56bfc062723c751e8b465ee728b)  -> (artifact id: '9640be43fc92ab2a577558002394bc88') in 0.076642 seconds 
========================================================================
Received Import Request.
  Time since last request: 0.000179 seconds.
  path: Assets/WeaponsAssets/Colt Python/mesh/pyhton.fbx
  artifactKey: Guid(4d510e9e0fbf27242bd79c42bfb6e8f6) Importer(815301076,1909f56bfc062723c751e8b465ee728b)
Start importing Assets/WeaponsAssets/Colt Python/mesh/pyhton.fbx using Guid(4d510e9e0fbf27242bd79c42bfb6e8f6) Importer(815301076,1909f56bfc062723c751e8b465ee728b)  -> (artifact id: 'ea4c36c1f07c984ad6d5d8f37ee2f9b5') in 0.492396 seconds 
========================================================================
Received Import Request.
  Time since last request: 0.000221 seconds.
  path: Assets/1stPerson/Models/First Person/All Animations/Assault Rifle.fbx
  artifactKey: Guid(48d42201fa1ddd74b8df820204882ede) Importer(815301076,1909f56bfc062723c751e8b465ee728b)
Start importing Assets/1stPerson/Models/First Person/All Animations/Assault Rifle.fbx using Guid(48d42201fa1ddd74b8df820204882ede) Importer(815301076,1909f56bfc062723c751e8b465ee728b)  -> (artifact id: '0592c5676569cfa218aaeaf9195302cc') in 0.086444 seconds 
========================================================================
Received Import Request.
  Time since last request: 0.000216 seconds.
  path: Assets/1stPerson/Models/First Person/All Animations/Pickaxe.fbx
  artifactKey: Guid(3a81c4c10b89fdc49b5129035f378acd) Importer(815301076,1909f56bfc062723c751e8b465ee728b)
Start importing Assets/1stPerson/Models/First Person/All Animations/Pickaxe.fbx using Guid(3a81c4c10b89fdc49b5129035f378acd) Importer(815301076,1909f56bfc062723c751e8b465ee728b)  -> (artifact id: '6a04fd0ee6dc55526633b79d6a70b602') in 0.092868 seconds 
========================================================================
Received Import Request.
  Time since last request: 0.000381 seconds.
  path: Assets/1stPerson/Models/First Person/All Animations/Building Plan.fbx
  artifactKey: Guid(f81d2cc70430a8547bc1c21978a42734) Importer(815301076,1909f56bfc062723c751e8b465ee728b)
Start importing Assets/1stPerson/Models/First Person/All Animations/Building Plan.fbx using Guid(f81d2cc70430a8547bc1c21978a42734) Importer(815301076,1909f56bfc062723c751e8b465ee728b)  -> (artifact id: '0e0d9c6484d1e4657704c8f7d32e0e7c') in 0.091687 seconds 
========================================================================
Received Import Request.
  Time since last request: 0.000195 seconds.
  path: Assets/1stPerson/Models/First Person/All Animations/Torch.fbx
  artifactKey: Guid(1a9ba953eb970c54a971f71c8740eafd) Importer(815301076,1909f56bfc062723c751e8b465ee728b)
Start importing Assets/1stPerson/Models/First Person/All Animations/Torch.fbx using Guid(1a9ba953eb970c54a971f71c8740eafd) Importer(815301076,1909f56bfc062723c751e8b465ee728b)  -> (artifact id: '60b711a8a84f53d4059ac66e75dcf8a9') in 0.059069 seconds 
========================================================================
Received Import Request.
  Time since last request: 0.000217 seconds.
  path: Assets/1stPerson/Models/Characters/Boar 02.fbx
  artifactKey: Guid(8bc2c3925f946f74dbacc00b2cfdf7b4) Importer(815301076,1909f56bfc062723c751e8b465ee728b)
Start importing Assets/1stPerson/Models/Characters/Boar 02.fbx using Guid(8bc2c3925f946f74dbacc00b2cfdf7b4) Importer(815301076,1909f56bfc062723c751e8b465ee728b)  -> (artifact id: '4cf6488d934569a3412c5cc88ce2947b') in 0.047982 seconds 
========================================================================
Received Import Request.
  Time since last request: 0.000221 seconds.
  path: Assets/1stPerson/Models/First Person/All Animations/Iron Spear.fbx
  artifactKey: Guid(2b811d29082948e45b9ecfd1645a6ca5) Importer(815301076,1909f56bfc062723c751e8b465ee728b)
Start importing Assets/1stPerson/Models/First Person/All Animations/Iron Spear.fbx using Guid(2b811d29082948e45b9ecfd1645a6ca5) Importer(815301076,1909f56bfc062723c751e8b465ee728b)  -> (artifact id: 'b4e162d58cc83284b39b52041e5fcfa0') in 0.095780 seconds 
========================================================================
Received Import Request.
  Time since last request: 0.000222 seconds.
  path: Assets/1stPerson/Models/First Person/All Animations/Shotgun.fbx
  artifactKey: Guid(1b1e15712c094a1409abf2c70f7e2703) Importer(815301076,1909f56bfc062723c751e8b465ee728b)
Start importing Assets/1stPerson/Models/First Person/All Animations/Shotgun.fbx using Guid(1b1e15712c094a1409abf2c70f7e2703) Importer(815301076,1909f56bfc062723c751e8b465ee728b)  -> (artifact id: 'f99e3b78a1051299c8e9af10a7e0b3bb') in 0.103081 seconds 
========================================================================
Received Import Request.
  Time since last request: 0.000235 seconds.
  path: Assets/1stPerson/Models/First Person/All Animations/Revolver.fbx
  artifactKey: Guid(2bd6bf150a6e08645964bd2baf2a789b) Importer(815301076,1909f56bfc062723c751e8b465ee728b)
Start importing Assets/1stPerson/Models/First Person/All Animations/Revolver.fbx using Guid(2bd6bf150a6e08645964bd2baf2a789b) Importer(815301076,1909f56bfc062723c751e8b465ee728b)  -> (artifact id: '5d83eb07167e2ed516e663815e4e3e7d') in 0.054808 seconds 
========================================================================
Received Import Request.
  Time since last request: 0.000169 seconds.
  path: Assets/1stPerson/Models/Characters/Boar.fbx
  artifactKey: Guid(1b38d20d3f0172743b5f14e4835aa86a) Importer(815301076,1909f56bfc062723c751e8b465ee728b)
Start importing Assets/1stPerson/Models/Characters/Boar.fbx using Guid(1b38d20d3f0172743b5f14e4835aa86a) Importer(815301076,1909f56bfc062723c751e8b465ee728b)  -> (artifact id: '6bdc4125115e6dcfc234006ee0128b44') in 0.046808 seconds 
========================================================================
Received Import Request.
  Time since last request: 0.000200 seconds.
  path: Assets/1stPerson/Models/First Person/All Animations/Bone Club.fbx
  artifactKey: Guid(0990e6e33a52d1642ab1a19fe3186081) Importer(815301076,1909f56bfc062723c751e8b465ee728b)
Start importing Assets/1stPerson/Models/First Person/All Animations/Bone Club.fbx using Guid(0990e6e33a52d1642ab1a19fe3186081) Importer(815301076,1909f56bfc062723c751e8b465ee728b)  -> (artifact id: '088594f4c4777f508a147d63f1f12b79') in 0.056701 seconds 
========================================================================
Received Import Request.
  Time since last request: 0.000198 seconds.
  path: Assets/1stPerson/Models/Characters/Chicken.fbx
  artifactKey: Guid(db3f1173ecad06347b122611b788a852) Importer(815301076,1909f56bfc062723c751e8b465ee728b)
Start importing Assets/1stPerson/Models/Characters/Chicken.fbx using Guid(db3f1173ecad06347b122611b788a852) Importer(815301076,1909f56bfc062723c751e8b465ee728b)  -> (artifact id: 'ed8e156486d00f0432fd43b7b9a67488') in 0.087448 seconds 
========================================================================
Received Import Request.
  Time since last request: 0.000201 seconds.
  path: Assets/ZombieAssets/SkinlessZombie/SkinlessZombie/Art/Animations/angry01.fbx
  artifactKey: Guid(0dd1a06bb21981446a1861c7c1767e75) Importer(815301076,1909f56bfc062723c751e8b465ee728b)
Start importing Assets/ZombieAssets/SkinlessZombie/SkinlessZombie/Art/Animations/angry01.fbx using Guid(0dd1a06bb21981446a1861c7c1767e75) Importer(815301076,1909f56bfc062723c751e8b465ee728b)  -> (artifact id: '5018968de219b94489ea9b797cf22238') in 0.044685 seconds 
========================================================================
Received Import Request.
  Time since last request: 0.000202 seconds.
  path: Assets/1stPerson/Models/Characters/Canibal/Cannibal Animations/Cannibal Attack.fbx
  artifactKey: Guid(e77cfdf5105eb5144b3dec6c87ff06ea) Importer(815301076,1909f56bfc062723c751e8b465ee728b)
Start importing Assets/1stPerson/Models/Characters/Canibal/Cannibal Animations/Cannibal Attack.fbx using Guid(e77cfdf5105eb5144b3dec6c87ff06ea) Importer(815301076,1909f56bfc062723c751e8b465ee728b)  -> (artifact id: '2409a7698a8a8ea60166171d65a1e65b') in 0.029154 seconds 
========================================================================
Received Import Request.
  Time since last request: 0.000185 seconds.
  path: Assets/1stPerson/Models/First Person/All Animations/Hunting Rifle.fbx
  artifactKey: Guid(4e4397155881b1b43b85d583117147cb) Importer(815301076,1909f56bfc062723c751e8b465ee728b)
Start importing Assets/1stPerson/Models/First Person/All Animations/Hunting Rifle.fbx using Guid(4e4397155881b1b43b85d583117147cb) Importer(815301076,1909f56bfc062723c751e8b465ee728b)  -> (artifact id: '6a65f45500cbe14f64dbcf3b48716b35') in 0.104025 seconds 
========================================================================
Received Import Request.
  Time since last request: 0.000454 seconds.
  path: Assets/1stPerson/Models/Characters/Canibal/Cannibal Animations/Cannibal Run.fbx
  artifactKey: Guid(f409017dfa8ce594abcce37cedf82203) Importer(815301076,1909f56bfc062723c751e8b465ee728b)
Start importing Assets/1stPerson/Models/Characters/Canibal/Cannibal Animations/Cannibal Run.fbx using Guid(f409017dfa8ce594abcce37cedf82203) Importer(815301076,1909f56bfc062723c751e8b465ee728b)  -> (artifact id: 'b2c07cb2d2e9ef82ce36fc9753429bf5') in 0.068376 seconds 
========================================================================
Received Import Request.
  Time since last request: 0.000205 seconds.
  path: Assets/1stPerson/Models/First Person/All Animations/Wooden Spear.fbx
  artifactKey: Guid(f01a880f7473c2546b3ff80815537299) Importer(815301076,1909f56bfc062723c751e8b465ee728b)
Start importing Assets/1stPerson/Models/First Person/All Animations/Wooden Spear.fbx using Guid(f01a880f7473c2546b3ff80815537299) Importer(815301076,1909f56bfc062723c751e8b465ee728b)  -> (artifact id: '880557b0260f22e2464ce36907a189b6') in 0.072245 seconds 
========================================================================
Received Prepare
Registering precompiled user dll's ...
Registered in 0.004646 seconds.
Begin MonoManager ReloadAssembly
Native extension for WindowsStandalone target not found
Refreshing native plugins compatible for Editor in 0.43 ms, found 2 plugins.
Preloading 0 native plugins for Editor in 0.00 ms.
Mono: successfully reloaded assembly
- Completed reload, in  1.093 seconds
Domain Reload Profiling:
	ReloadAssembly (1093ms)
		BeginReloadAssembly (143ms)
			ExecutionOrderSort (0ms)
			DisableScriptedObjects (5ms)
			BackupInstance (0ms)
			ReleaseScriptingObjects (0ms)
			CreateAndSetChildDomain (37ms)
		EndReloadAssembly (886ms)
			LoadAssemblies (124ms)
			RebuildTransferFunctionScriptingTraits (0ms)
			SetupTypeCache (310ms)
			ReleaseScriptCaches (1ms)
			RebuildScriptCaches (44ms)
			SetupLoadedEditorAssemblies (329ms)
				LogAssemblyErrors (0ms)
				InitializePlatformSupportModulesInManaged (5ms)
				SetLoadedEditorAssemblies (1ms)
				RefreshPlugins (0ms)
				BeforeProcessingInitializeOnLoad (78ms)
				ProcessInitializeOnLoadAttributes (231ms)
				ProcessInitializeOnLoadMethodAttributes (10ms)
				AfterProcessingInitializeOnLoad (3ms)
				EditorAssembliesLoaded (0ms)
			ExecutionOrderSort2 (0ms)
			AwakeInstancesAfterBackupRestoration (8ms)
Platform modules already initialized, skipping
Refreshing native plugins compatible for Editor in 0.57 ms, found 2 plugins.
Preloading 0 native plugins for Editor in 0.00 ms.
Unloading 1511 Unused Serialized files (Serialized files now loaded: 0)
System memory in use before: 102.9 MB.
System memory in use after: 103.0 MB.

Unloading 12 unused Assets to reduce memory usage. Loaded Objects now: 2011.
Total: 2.897300 ms (FindLiveObjects: 0.131400 ms CreateObjectMapping: 0.039800 ms MarkObjects: 2.699600 ms  DeleteObjects: 0.025500 ms)

AssetImportParameters requested are different than current active one (requested -> active):
  custom:framework-win-MediaFoundation: 216162199b28c13a410421893ffa2e32 -> 
  custom:video-decoder-ogg-theora: a1e56fd34408186e4bbccfd4996cb3dc -> 
  custom:container-muxer-webm: aa71ff27fc2769a1b78a27578f13a17b -> 
  custom:container-demuxer-webm: 4f35f7cbe854078d1ac9338744f61a02 -> 
  custom:container-demuxer-ogg: 62fdf1f143b41e24485cea50d1cbac27 -> 
  custom:video-encoder-webm-vp8: eb34c28f22e8b96e1ab97ce403110664 -> 
  custom:video-decoder-webm-vp8: 9c59270c3fd7afecdb556c50c9e8de78 -> 
  custom:audio-decoder-ogg-vorbis: bf7c407c2cedff20999df2af8eb42d56 -> 
  custom:audio-encoder-webm-vorbis: bf7c407c2cedff20999df2af8eb42d56 -> 
========================================================================
Received Prepare
Registering precompiled user dll's ...
Registered in 0.003614 seconds.
Begin MonoManager ReloadAssembly
Native extension for WindowsStandalone target not found
Refreshing native plugins compatible for Editor in 0.43 ms, found 2 plugins.
Preloading 0 native plugins for Editor in 0.00 ms.
Mono: successfully reloaded assembly
- Completed reload, in  1.057 seconds
Domain Reload Profiling:
	ReloadAssembly (1058ms)
		BeginReloadAssembly (131ms)
			ExecutionOrderSort (0ms)
			DisableScriptedObjects (5ms)
			BackupInstance (0ms)
			ReleaseScriptingObjects (0ms)
			CreateAndSetChildDomain (28ms)
		EndReloadAssembly (862ms)
			LoadAssemblies (123ms)
			RebuildTransferFunctionScriptingTraits (0ms)
			SetupTypeCache (297ms)
			ReleaseScriptCaches (1ms)
			RebuildScriptCaches (40ms)
			SetupLoadedEditorAssemblies (317ms)
				LogAssemblyErrors (0ms)
				InitializePlatformSupportModulesInManaged (5ms)
				SetLoadedEditorAssemblies (1ms)
				RefreshPlugins (0ms)
				BeforeProcessingInitializeOnLoad (80ms)
				ProcessInitializeOnLoadAttributes (218ms)
				ProcessInitializeOnLoadMethodAttributes (11ms)
				AfterProcessingInitializeOnLoad (3ms)
				EditorAssembliesLoaded (0ms)
			ExecutionOrderSort2 (0ms)
			AwakeInstancesAfterBackupRestoration (8ms)
Platform modules already initialized, skipping
Refreshing native plugins compatible for Editor in 0.44 ms, found 2 plugins.
Preloading 0 native plugins for Editor in 0.00 ms.
Unloading 1511 Unused Serialized files (Serialized files now loaded: 0)
System memory in use before: 102.9 MB.
System memory in use after: 103.0 MB.

Unloading 11 unused Assets to reduce memory usage. Loaded Objects now: 2013.
Total: 2.867100 ms (FindLiveObjects: 0.134800 ms CreateObjectMapping: 0.045900 ms MarkObjects: 2.668000 ms  DeleteObjects: 0.017700 ms)

AssetImportParameters requested are different than current active one (requested -> active):
  custom:framework-win-MediaFoundation: 216162199b28c13a410421893ffa2e32 -> 
  custom:video-decoder-ogg-theora: a1e56fd34408186e4bbccfd4996cb3dc -> 
  custom:container-muxer-webm: aa71ff27fc2769a1b78a27578f13a17b -> 
  custom:container-demuxer-webm: 4f35f7cbe854078d1ac9338744f61a02 -> 
  custom:container-demuxer-ogg: 62fdf1f143b41e24485cea50d1cbac27 -> 
  custom:video-encoder-webm-vp8: eb34c28f22e8b96e1ab97ce403110664 -> 
  custom:video-decoder-webm-vp8: 9c59270c3fd7afecdb556c50c9e8de78 -> 
  custom:audio-decoder-ogg-vorbis: bf7c407c2cedff20999df2af8eb42d56 -> 
  custom:audio-encoder-webm-vorbis: bf7c407c2cedff20999df2af8eb42d56 -> 
========================================================================
Received Prepare
Registering precompiled user dll's ...
Registered in 0.003498 seconds.
Begin MonoManager ReloadAssembly
Native extension for WindowsStandalone target not found
Refreshing native plugins compatible for Editor in 0.43 ms, found 2 plugins.
Preloading 0 native plugins for Editor in 0.00 ms.
Mono: successfully reloaded assembly
- Completed reload, in  1.051 seconds
Domain Reload Profiling:
	ReloadAssembly (1052ms)
		BeginReloadAssembly (133ms)
			ExecutionOrderSort (0ms)
			DisableScriptedObjects (6ms)
			BackupInstance (0ms)
			ReleaseScriptingObjects (0ms)
			CreateAndSetChildDomain (28ms)
		EndReloadAssembly (853ms)
			LoadAssemblies (124ms)
			RebuildTransferFunctionScriptingTraits (0ms)
			SetupTypeCache (294ms)
			ReleaseScriptCaches (1ms)
			RebuildScriptCaches (41ms)
			SetupLoadedEditorAssemblies (317ms)
				LogAssemblyErrors (0ms)
				InitializePlatformSupportModulesInManaged (5ms)
				SetLoadedEditorAssemblies (1ms)
				RefreshPlugins (0ms)
				BeforeProcessingInitializeOnLoad (79ms)
				ProcessInitializeOnLoadAttributes (219ms)
				ProcessInitializeOnLoadMethodAttributes (10ms)
				AfterProcessingInitializeOnLoad (3ms)
				EditorAssembliesLoaded (0ms)
			ExecutionOrderSort2 (0ms)
			AwakeInstancesAfterBackupRestoration (8ms)
Platform modules already initialized, skipping
Refreshing native plugins compatible for Editor in 0.44 ms, found 2 plugins.
Preloading 0 native plugins for Editor in 0.00 ms.
Unloading 1511 Unused Serialized files (Serialized files now loaded: 0)
System memory in use before: 102.9 MB.
System memory in use after: 103.0 MB.

Unloading 11 unused Assets to reduce memory usage. Loaded Objects now: 2015.
Total: 3.364100 ms (FindLiveObjects: 0.142100 ms CreateObjectMapping: 0.049300 ms MarkObjects: 3.147200 ms  DeleteObjects: 0.024200 ms)

AssetImportParameters requested are different than current active one (requested -> active):
  custom:framework-win-MediaFoundation: 216162199b28c13a410421893ffa2e32 -> 
  custom:video-decoder-ogg-theora: a1e56fd34408186e4bbccfd4996cb3dc -> 
  custom:container-muxer-webm: aa71ff27fc2769a1b78a27578f13a17b -> 
  custom:container-demuxer-webm: 4f35f7cbe854078d1ac9338744f61a02 -> 
  custom:container-demuxer-ogg: 62fdf1f143b41e24485cea50d1cbac27 -> 
  custom:video-encoder-webm-vp8: eb34c28f22e8b96e1ab97ce403110664 -> 
  custom:video-decoder-webm-vp8: 9c59270c3fd7afecdb556c50c9e8de78 -> 
  custom:audio-decoder-ogg-vorbis: bf7c407c2cedff20999df2af8eb42d56 -> 
  custom:audio-encoder-webm-vorbis: bf7c407c2cedff20999df2af8eb42d56 -> 
========================================================================
Received Prepare
Registering precompiled user dll's ...
Registered in 0.003466 seconds.
Begin MonoManager ReloadAssembly
Native extension for WindowsStandalone target not found
Refreshing native plugins compatible for Editor in 0.44 ms, found 2 plugins.
Preloading 0 native plugins for Editor in 0.00 ms.
Mono: successfully reloaded assembly
- Completed reload, in  1.046 seconds
Domain Reload Profiling:
	ReloadAssembly (1047ms)
		BeginReloadAssembly (133ms)
			ExecutionOrderSort (0ms)
			DisableScriptedObjects (5ms)
			BackupInstance (0ms)
			ReleaseScriptingObjects (0ms)
			CreateAndSetChildDomain (29ms)
		EndReloadAssembly (848ms)
			LoadAssemblies (123ms)
			RebuildTransferFunctionScriptingTraits (0ms)
			SetupTypeCache (290ms)
			ReleaseScriptCaches (1ms)
			RebuildScriptCaches (41ms)
			SetupLoadedEditorAssemblies (317ms)
				LogAssemblyErrors (0ms)
				InitializePlatformSupportModulesInManaged (5ms)
				SetLoadedEditorAssemblies (1ms)
				RefreshPlugins (1ms)
				BeforeProcessingInitializeOnLoad (77ms)
				ProcessInitializeOnLoadAttributes (219ms)
				ProcessInitializeOnLoadMethodAttributes (12ms)
				AfterProcessingInitializeOnLoad (3ms)
				EditorAssembliesLoaded (0ms)
			ExecutionOrderSort2 (0ms)
			AwakeInstancesAfterBackupRestoration (8ms)
Platform modules already initialized, skipping
Refreshing native plugins compatible for Editor in 0.43 ms, found 2 plugins.
Preloading 0 native plugins for Editor in 0.00 ms.
Unloading 1511 Unused Serialized files (Serialized files now loaded: 0)
System memory in use before: 102.9 MB.
System memory in use after: 103.0 MB.

Unloading 11 unused Assets to reduce memory usage. Loaded Objects now: 2017.
Total: 2.932500 ms (FindLiveObjects: 0.140600 ms CreateObjectMapping: 0.046400 ms MarkObjects: 2.725200 ms  DeleteObjects: 0.019300 ms)

AssetImportParameters requested are different than current active one (requested -> active):
  custom:framework-win-MediaFoundation: 216162199b28c13a410421893ffa2e32 -> 
  custom:video-decoder-ogg-theora: a1e56fd34408186e4bbccfd4996cb3dc -> 
  custom:container-muxer-webm: aa71ff27fc2769a1b78a27578f13a17b -> 
  custom:container-demuxer-webm: 4f35f7cbe854078d1ac9338744f61a02 -> 
  custom:container-demuxer-ogg: 62fdf1f143b41e24485cea50d1cbac27 -> 
  custom:video-encoder-webm-vp8: eb34c28f22e8b96e1ab97ce403110664 -> 
  custom:video-decoder-webm-vp8: 9c59270c3fd7afecdb556c50c9e8de78 -> 
  custom:audio-decoder-ogg-vorbis: bf7c407c2cedff20999df2af8eb42d56 -> 
  custom:audio-encoder-webm-vorbis: bf7c407c2cedff20999df2af8eb42d56 -> 
========================================================================
Received Import Request.
  Time since last request: 895.267771 seconds.
  path: Assets/1stPerson/Models/First Person/Animation Controllers/AxeController 1.controller
  artifactKey: Guid(93e7f355f526c37469ddfd143b19605a) Importer(815301076,1909f56bfc062723c751e8b465ee728b)
Start importing Assets/1stPerson/Models/First Person/Animation Controllers/AxeController 1.controller using Guid(93e7f355f526c37469ddfd143b19605a) Importer(815301076,1909f56bfc062723c751e8b465ee728b)  -> (artifact id: 'd421e21eb07767e341c2f0c8b84affb5') in 0.086481 seconds 
========================================================================
Received Import Request.
  Time since last request: 30.338963 seconds.
  path: Assets/1stPerson/Models/First Person/Animation Controllers/RevolverController.controller
  artifactKey: Guid(93e7f355f526c37469ddfd143b19605a) Importer(815301076,1909f56bfc062723c751e8b465ee728b)
Start importing Assets/1stPerson/Models/First Person/Animation Controllers/RevolverController.controller using Guid(93e7f355f526c37469ddfd143b19605a) Importer(815301076,1909f56bfc062723c751e8b465ee728b)  -> (artifact id: '9dfe836258df0cd7d32e594e154f3252') in 0.061003 seconds 
========================================================================
Received Import Request.
  Time since last request: 49.289202 seconds.
  path: Assets/1stPerson/Models/First Person/Animation Controllers/AxeController.controller
  artifactKey: Guid(a89bccfb1a70c5c48beaab522fbbc7d5) Importer(815301076,1909f56bfc062723c751e8b465ee728b)
Start importing Assets/1stPerson/Models/First Person/Animation Controllers/AxeController.controller using Guid(a89bccfb1a70c5c48beaab522fbbc7d5) Importer(815301076,1909f56bfc062723c751e8b465ee728b)  -> (artifact id: '269935eab67e10545799b3cf3e75ab62') in 0.061042 seconds 
========================================================================
Received Prepare
Registering precompiled user dll's ...
Registered in 0.003420 seconds.
Begin MonoManager ReloadAssembly
Native extension for WindowsStandalone target not found
Refreshing native plugins compatible for Editor in 0.43 ms, found 2 plugins.
Preloading 0 native plugins for Editor in 0.00 ms.
Mono: successfully reloaded assembly
- Completed reload, in  1.057 seconds
Domain Reload Profiling:
	ReloadAssembly (1057ms)
		BeginReloadAssembly (134ms)
			ExecutionOrderSort (0ms)
			DisableScriptedObjects (5ms)
			BackupInstance (0ms)
			ReleaseScriptingObjects (0ms)
			CreateAndSetChildDomain (29ms)
		EndReloadAssembly (856ms)
			LoadAssemblies (125ms)
			RebuildTransferFunctionScriptingTraits (0ms)
			SetupTypeCache (284ms)
			ReleaseScriptCaches (1ms)
			RebuildScriptCaches (40ms)
			SetupLoadedEditorAssemblies (322ms)
				LogAssemblyErrors (0ms)
				InitializePlatformSupportModulesInManaged (5ms)
				SetLoadedEditorAssemblies (1ms)
				RefreshPlugins (0ms)
				BeforeProcessingInitializeOnLoad (80ms)
				ProcessInitializeOnLoadAttributes (219ms)
				ProcessInitializeOnLoadMethodAttributes (13ms)
				AfterProcessingInitializeOnLoad (3ms)
				EditorAssembliesLoaded (0ms)
			ExecutionOrderSort2 (0ms)
			AwakeInstancesAfterBackupRestoration (8ms)
Platform modules already initialized, skipping
Refreshing native plugins compatible for Editor in 0.45 ms, found 2 plugins.
Preloading 0 native plugins for Editor in 0.00 ms.
Unloading 1511 Unused Serialized files (Serialized files now loaded: 0)
System memory in use before: 102.9 MB.
System memory in use after: 103.0 MB.

Unloading 11 unused Assets to reduce memory usage. Loaded Objects now: 2019.
Total: 2.928900 ms (FindLiveObjects: 0.155700 ms CreateObjectMapping: 0.046900 ms MarkObjects: 2.705300 ms  DeleteObjects: 0.019900 ms)

AssetImportParameters requested are different than current active one (requested -> active):
  custom:framework-win-MediaFoundation: 216162199b28c13a410421893ffa2e32 -> 
  custom:video-decoder-ogg-theora: a1e56fd34408186e4bbccfd4996cb3dc -> 
  custom:container-muxer-webm: aa71ff27fc2769a1b78a27578f13a17b -> 
  custom:container-demuxer-webm: 4f35f7cbe854078d1ac9338744f61a02 -> 
  custom:container-demuxer-ogg: 62fdf1f143b41e24485cea50d1cbac27 -> 
  custom:video-encoder-webm-vp8: eb34c28f22e8b96e1ab97ce403110664 -> 
  custom:video-decoder-webm-vp8: 9c59270c3fd7afecdb556c50c9e8de78 -> 
  custom:audio-decoder-ogg-vorbis: bf7c407c2cedff20999df2af8eb42d56 -> 
  custom:audio-encoder-webm-vorbis: bf7c407c2cedff20999df2af8eb42d56 -> 
========================================================================
Received Import Request.
  Time since last request: 256.619083 seconds.
  path: Assets/1stPerson/Models/First Person/Animation Controllers/RevolverController 1.controller
  artifactKey: Guid(f6e8301a3d68a1c46b849a272be01269) Importer(815301076,1909f56bfc062723c751e8b465ee728b)
Start importing Assets/1stPerson/Models/First Person/Animation Controllers/RevolverController 1.controller using Guid(f6e8301a3d68a1c46b849a272be01269) Importer(815301076,1909f56bfc062723c751e8b465ee728b)  -> (artifact id: 'a2779b0369cb3eae9463275d2f790b1a') in 0.063753 seconds 
========================================================================
Received Import Request.
  Time since last request: 0.813795 seconds.
  path: Assets/1stPerson/Models/First Person/Animation Controllers/RevolverController.controller
  artifactKey: Guid(93e7f355f526c37469ddfd143b19605a) Importer(815301076,1909f56bfc062723c751e8b465ee728b)
Start importing Assets/1stPerson/Models/First Person/Animation Controllers/RevolverController.controller using Guid(93e7f355f526c37469ddfd143b19605a) Importer(815301076,1909f56bfc062723c751e8b465ee728b)  -> (artifact id: '9f29a538c5cc560d3eb0d31ff340068d') in 0.047544 seconds 
========================================================================
Received Import Request.
  Time since last request: 8.489316 seconds.
  path: Assets/1stPerson/Models/First Person/Animation Controllers/ShotgunController.controller
  artifactKey: Guid(f6e8301a3d68a1c46b849a272be01269) Importer(815301076,1909f56bfc062723c751e8b465ee728b)
Start importing Assets/1stPerson/Models/First Person/Animation Controllers/ShotgunController.controller using Guid(f6e8301a3d68a1c46b849a272be01269) Importer(815301076,1909f56bfc062723c751e8b465ee728b)  -> (artifact id: '402e813958e1a6fad3eb381da63e0bca') in 0.062141 seconds 
========================================================================
Received Import Request.
  Time since last request: 41.071368 seconds.
  path: Assets/1stPerson/Models/Characters/Canibal/Cannibal Animations/Cannibal Punching 02.fbx
  artifactKey: Guid(e4b27ad78d312314ea4f842700511950) Importer(815301076,1909f56bfc062723c751e8b465ee728b)
Start importing Assets/1stPerson/Models/Characters/Canibal/Cannibal Animations/Cannibal Punching 02.fbx using Guid(e4b27ad78d312314ea4f842700511950) Importer(815301076,1909f56bfc062723c751e8b465ee728b)  -> (artifact id: '62f8955f9224e5da9c99efd8eb5cfcb8') in 0.118040 seconds 
========================================================================
Received Import Request.
  Time since last request: 0.000239 seconds.
  path: Assets/1stPerson/Models/Characters/Canibal/Cannibal Animations/Cannibal Walking.fbx
  artifactKey: Guid(f3bafff2635a7b042bc06eca75752f17) Importer(815301076,1909f56bfc062723c751e8b465ee728b)
Start importing Assets/1stPerson/Models/Characters/Canibal/Cannibal Animations/Cannibal Walking.fbx using Guid(f3bafff2635a7b042bc06eca75752f17) Importer(815301076,1909f56bfc062723c751e8b465ee728b)  -> (artifact id: '3764d8a6da2c679c09dad80ce74f5268') in 0.041940 seconds 
========================================================================
Received Prepare
Registering precompiled user dll's ...
Registered in 0.003792 seconds.
Begin MonoManager ReloadAssembly
Native extension for WindowsStandalone target not found
Refreshing native plugins compatible for Editor in 0.48 ms, found 2 plugins.
Preloading 0 native plugins for Editor in 0.00 ms.
Mono: successfully reloaded assembly
- Completed reload, in  1.036 seconds
Domain Reload Profiling:
	ReloadAssembly (1037ms)
		BeginReloadAssembly (132ms)
			ExecutionOrderSort (0ms)
			DisableScriptedObjects (5ms)
			BackupInstance (0ms)
			ReleaseScriptingObjects (0ms)
			CreateAndSetChildDomain (29ms)
		EndReloadAssembly (840ms)
			LoadAssemblies (124ms)
			RebuildTransferFunctionScriptingTraits (0ms)
			SetupTypeCache (291ms)
			ReleaseScriptCaches (1ms)
			RebuildScriptCaches (43ms)
			SetupLoadedEditorAssemblies (304ms)
				LogAssemblyErrors (0ms)
				InitializePlatformSupportModulesInManaged (5ms)
				SetLoadedEditorAssemblies (1ms)
				RefreshPlugins (1ms)
				BeforeProcessingInitializeOnLoad (76ms)
				ProcessInitializeOnLoadAttributes (209ms)
				ProcessInitializeOnLoadMethodAttributes (10ms)
				AfterProcessingInitializeOnLoad (3ms)
				EditorAssembliesLoaded (0ms)
			ExecutionOrderSort2 (0ms)
			AwakeInstancesAfterBackupRestoration (8ms)
Platform modules already initialized, skipping
Refreshing native plugins compatible for Editor in 0.59 ms, found 2 plugins.
Preloading 0 native plugins for Editor in 0.00 ms.
Unloading 1511 Unused Serialized files (Serialized files now loaded: 0)
System memory in use before: 102.9 MB.
System memory in use after: 103.0 MB.

Unloading 11 unused Assets to reduce memory usage. Loaded Objects now: 2021.
Total: 3.065700 ms (FindLiveObjects: 0.164500 ms CreateObjectMapping: 0.051800 ms MarkObjects: 2.827000 ms  DeleteObjects: 0.021600 ms)

AssetImportParameters requested are different than current active one (requested -> active):
  custom:framework-win-MediaFoundation: 216162199b28c13a410421893ffa2e32 -> 
  custom:video-decoder-ogg-theora: a1e56fd34408186e4bbccfd4996cb3dc -> 
  custom:container-muxer-webm: aa71ff27fc2769a1b78a27578f13a17b -> 
  custom:container-demuxer-webm: 4f35f7cbe854078d1ac9338744f61a02 -> 
  custom:container-demuxer-ogg: 62fdf1f143b41e24485cea50d1cbac27 -> 
  custom:video-encoder-webm-vp8: eb34c28f22e8b96e1ab97ce403110664 -> 
  custom:video-decoder-webm-vp8: 9c59270c3fd7afecdb556c50c9e8de78 -> 
  custom:audio-decoder-ogg-vorbis: bf7c407c2cedff20999df2af8eb42d56 -> 
  custom:audio-encoder-webm-vorbis: bf7c407c2cedff20999df2af8eb42d56 -> 
========================================================================
Received Import Request.
  Time since last request: 142.346660 seconds.
  path: Assets/1stPerson/Models/First Person/Animation Controllers
  artifactKey: Guid(2b84d764c064c4c41987ddf1a8eaa256) Importer(815301076,1909f56bfc062723c751e8b465ee728b)
Start importing Assets/1stPerson/Models/First Person/Animation Controllers using Guid(2b84d764c064c4c41987ddf1a8eaa256) Importer(815301076,1909f56bfc062723c751e8b465ee728b)  -> (artifact id: 'a5ffc48c3e166b0cc6d8e9e661cc080b') in 0.009038 seconds 
========================================================================
Received Import Request.
  Time since last request: 1.519001 seconds.
  path: Assets/1stPerson/Models/First Person/Animation Controllers/ShotgunController 1.controller
  artifactKey: Guid(2065067e9b0dcfe4291dfcabc932e5cd) Importer(815301076,1909f56bfc062723c751e8b465ee728b)
Start importing Assets/1stPerson/Models/First Person/Animation Controllers/ShotgunController 1.controller using Guid(2065067e9b0dcfe4291dfcabc932e5cd) Importer(815301076,1909f56bfc062723c751e8b465ee728b)  -> (artifact id: '9efb9354c7c405d2cf14eedc9c056869') in 0.228290 seconds 
========================================================================
Received Import Request.
  Time since last request: 9.156526 seconds.
  path: Assets/1stPerson/Models/First Person/Animation Controllers/AssaultController.controller
  artifactKey: Guid(2065067e9b0dcfe4291dfcabc932e5cd) Importer(815301076,1909f56bfc062723c751e8b465ee728b)
Start importing Assets/1stPerson/Models/First Person/Animation Controllers/AssaultController.controller using Guid(2065067e9b0dcfe4291dfcabc932e5cd) Importer(815301076,1909f56bfc062723c751e8b465ee728b)  -> (artifact id: '70c19125ebab908a70ac2f73cc180e7f') in 0.216015 seconds 
========================================================================
Received Import Request.
  Time since last request: 717.052285 seconds.
  path: Assets/1stPerson/Models/First Person/Shotgun Animations/Shotgun Shoot.anim
  artifactKey: Guid(ea4ee1538f05642cab2e0a3318ec884b) Importer(815301076,1909f56bfc062723c751e8b465ee728b)
Start importing Assets/1stPerson/Models/First Person/Shotgun Animations/Shotgun Shoot.anim using Guid(ea4ee1538f05642cab2e0a3318ec884b) Importer(815301076,1909f56bfc062723c751e8b465ee728b)  -> (artifact id: 'f8217e1eeea86079191437744e46b545') in 0.071078 seconds 
========================================================================
Received Import Request.
  Time since last request: 1.306313 seconds.
  path: Assets/1stPerson/Models/First Person/Shotgun Animations/Shotgun Idle.anim
  artifactKey: Guid(d8bb67c2adfa144ccb96f76c3949723c) Importer(815301076,1909f56bfc062723c751e8b465ee728b)
Start importing Assets/1stPerson/Models/First Person/Shotgun Animations/Shotgun Idle.anim using Guid(d8bb67c2adfa144ccb96f76c3949723c) Importer(815301076,1909f56bfc062723c751e8b465ee728b)  -> (artifact id: '16c2c361e346973618c94724ca95d5e7') in 0.134091 seconds 
========================================================================
Received Import Request.
  Time since last request: 0.342456 seconds.
  path: Assets/1stPerson/Models/First Person/Shotgun Animations/Shotgun Draw.anim
  artifactKey: Guid(95315c53a545847d4af7ba95f8c5adec) Importer(815301076,1909f56bfc062723c751e8b465ee728b)
Start importing Assets/1stPerson/Models/First Person/Shotgun Animations/Shotgun Draw.anim using Guid(95315c53a545847d4af7ba95f8c5adec) Importer(815301076,1909f56bfc062723c751e8b465ee728b)  -> (artifact id: '346c57ca79b2c27d929a703b4774ea37') in 0.035437 seconds 
========================================================================
Received Import Request.
  Time since last request: 5.510473 seconds.
  path: Assets/1stPerson/Models/First Person/Revolver Animations/Revolver Idle.anim
  artifactKey: Guid(b4d30f50f8060410691b0cace501821f) Importer(815301076,1909f56bfc062723c751e8b465ee728b)
Start importing Assets/1stPerson/Models/First Person/Revolver Animations/Revolver Idle.anim using Guid(b4d30f50f8060410691b0cace501821f) Importer(815301076,1909f56bfc062723c751e8b465ee728b)  -> (artifact id: 'bfe112a04d24270b6e64188744ee90ba') in 0.021583 seconds 
========================================================================
Received Import Request.
  Time since last request: 4.891531 seconds.
  path: Assets/1stPerson/Models/First Person/Animation Controllers/ShotgunController.controller
  artifactKey: Guid(f6e8301a3d68a1c46b849a272be01269) Importer(815301076,1909f56bfc062723c751e8b465ee728b)
Start importing Assets/1stPerson/Models/First Person/Animation Controllers/ShotgunController.controller using Guid(f6e8301a3d68a1c46b849a272be01269) Importer(815301076,1909f56bfc062723c751e8b465ee728b)  -> (artifact id: '4fc8d6817ed06e9c6f7118cdcfbcc46c') in 0.219758 seconds 
========================================================================
Received Prepare
Registering precompiled user dll's ...
Registered in 0.003417 seconds.
Begin MonoManager ReloadAssembly
Native extension for WindowsStandalone target not found
Refreshing native plugins compatible for Editor in 0.57 ms, found 2 plugins.
Preloading 0 native plugins for Editor in 0.00 ms.
Mono: successfully reloaded assembly
- Completed reload, in  1.043 seconds
Domain Reload Profiling:
	ReloadAssembly (1043ms)
		BeginReloadAssembly (133ms)
			ExecutionOrderSort (0ms)
			DisableScriptedObjects (5ms)
			BackupInstance (0ms)
			ReleaseScriptingObjects (0ms)
			CreateAndSetChildDomain (30ms)
		EndReloadAssembly (844ms)
			LoadAssemblies (125ms)
			RebuildTransferFunctionScriptingTraits (0ms)
			SetupTypeCache (285ms)
			ReleaseScriptCaches (1ms)
			RebuildScriptCaches (43ms)
			SetupLoadedEditorAssemblies (311ms)
				LogAssemblyErrors (0ms)
				InitializePlatformSupportModulesInManaged (5ms)
				SetLoadedEditorAssemblies (1ms)
				RefreshPlugins (1ms)
				BeforeProcessingInitializeOnLoad (80ms)
				ProcessInitializeOnLoadAttributes (211ms)
				ProcessInitializeOnLoadMethodAttributes (10ms)
				AfterProcessingInitializeOnLoad (3ms)
				EditorAssembliesLoaded (0ms)
			ExecutionOrderSort2 (0ms)
			AwakeInstancesAfterBackupRestoration (8ms)
Platform modules already initialized, skipping
Refreshing native plugins compatible for Editor in 0.44 ms, found 2 plugins.
Preloading 0 native plugins for Editor in 0.00 ms.
Unloading 1511 Unused Serialized files (Serialized files now loaded: 0)
System memory in use before: 102.9 MB.
System memory in use after: 103.0 MB.

Unloading 11 unused Assets to reduce memory usage. Loaded Objects now: 2023.
Total: 2.868400 ms (FindLiveObjects: 0.149600 ms CreateObjectMapping: 0.046200 ms MarkObjects: 2.651700 ms  DeleteObjects: 0.020100 ms)

AssetImportParameters requested are different than current active one (requested -> active):
  custom:framework-win-MediaFoundation: 216162199b28c13a410421893ffa2e32 -> 
  custom:video-decoder-ogg-theora: a1e56fd34408186e4bbccfd4996cb3dc -> 
  custom:container-muxer-webm: aa71ff27fc2769a1b78a27578f13a17b -> 
  custom:container-demuxer-webm: 4f35f7cbe854078d1ac9338744f61a02 -> 
  custom:container-demuxer-ogg: 62fdf1f143b41e24485cea50d1cbac27 -> 
  custom:video-encoder-webm-vp8: eb34c28f22e8b96e1ab97ce403110664 -> 
  custom:video-decoder-webm-vp8: 9c59270c3fd7afecdb556c50c9e8de78 -> 
  custom:audio-decoder-ogg-vorbis: bf7c407c2cedff20999df2af8eb42d56 -> 
  custom:audio-encoder-webm-vorbis: bf7c407c2cedff20999df2af8eb42d56 -> 
========================================================================
Received Import Request.
  Time since last request: 129.454214 seconds.
  path: Assets/1stPerson/Models/First Person/Animation Controllers/ShotgunController 1.controller
  artifactKey: Guid(dbbbfbbd02e882d4d95c0d39bd2f740c) Importer(815301076,1909f56bfc062723c751e8b465ee728b)
Start importing Assets/1stPerson/Models/First Person/Animation Controllers/ShotgunController 1.controller using Guid(dbbbfbbd02e882d4d95c0d39bd2f740c) Importer(815301076,1909f56bfc062723c751e8b465ee728b)  -> (artifact id: 'cce7e45a18aec9aff736590e57fed14b') in 0.230980 seconds 
========================================================================
Received Import Request.
  Time since last request: 5.543168 seconds.
  path: Assets/1stPerson/Models/First Person/Animation Controllers/SpearController.controller
  artifactKey: Guid(dbbbfbbd02e882d4d95c0d39bd2f740c) Importer(815301076,1909f56bfc062723c751e8b465ee728b)
Start importing Assets/1stPerson/Models/First Person/Animation Controllers/SpearController.controller using Guid(dbbbfbbd02e882d4d95c0d39bd2f740c) Importer(815301076,1909f56bfc062723c751e8b465ee728b)  -> (artifact id: '0685ace73af59aa8429aa0877b9e0bfa') in 0.215180 seconds 
========================================================================
Received Prepare
Registering precompiled user dll's ...
Registered in 0.003472 seconds.
Begin MonoManager ReloadAssembly
Native extension for WindowsStandalone target not found
Refreshing native plugins compatible for Editor in 0.43 ms, found 2 plugins.
Preloading 0 native plugins for Editor in 0.00 ms.
Mono: successfully reloaded assembly
- Completed reload, in  1.041 seconds
Domain Reload Profiling:
	ReloadAssembly (1042ms)
		BeginReloadAssembly (134ms)
			ExecutionOrderSort (0ms)
			DisableScriptedObjects (6ms)
			BackupInstance (0ms)
			ReleaseScriptingObjects (0ms)
			CreateAndSetChildDomain (29ms)
		EndReloadAssembly (843ms)
			LoadAssemblies (125ms)
			RebuildTransferFunctionScriptingTraits (0ms)
			SetupTypeCache (288ms)
			ReleaseScriptCaches (1ms)
			RebuildScriptCaches (41ms)
			SetupLoadedEditorAssemblies (310ms)
				LogAssemblyErrors (0ms)
				InitializePlatformSupportModulesInManaged (5ms)
				SetLoadedEditorAssemblies (1ms)
				RefreshPlugins (0ms)
				BeforeProcessingInitializeOnLoad (81ms)
				ProcessInitializeOnLoadAttributes (208ms)
				ProcessInitializeOnLoadMethodAttributes (11ms)
				AfterProcessingInitializeOnLoad (3ms)
				EditorAssembliesLoaded (0ms)
			ExecutionOrderSort2 (0ms)
			AwakeInstancesAfterBackupRestoration (8ms)
Platform modules already initialized, skipping
Refreshing native plugins compatible for Editor in 0.43 ms, found 2 plugins.
Preloading 0 native plugins for Editor in 0.00 ms.
Unloading 1511 Unused Serialized files (Serialized files now loaded: 0)
System memory in use before: 102.9 MB.
System memory in use after: 103.0 MB.

Unloading 11 unused Assets to reduce memory usage. Loaded Objects now: 2025.
Total: 2.877000 ms (FindLiveObjects: 0.146700 ms CreateObjectMapping: 0.045600 ms MarkObjects: 2.664500 ms  DeleteObjects: 0.019600 ms)

AssetImportParameters requested are different than current active one (requested -> active):
  custom:framework-win-MediaFoundation: 216162199b28c13a410421893ffa2e32 -> 
  custom:video-decoder-ogg-theora: a1e56fd34408186e4bbccfd4996cb3dc -> 
  custom:container-muxer-webm: aa71ff27fc2769a1b78a27578f13a17b -> 
  custom:container-demuxer-webm: 4f35f7cbe854078d1ac9338744f61a02 -> 
  custom:container-demuxer-ogg: 62fdf1f143b41e24485cea50d1cbac27 -> 
  custom:video-encoder-webm-vp8: eb34c28f22e8b96e1ab97ce403110664 -> 
  custom:video-decoder-webm-vp8: 9c59270c3fd7afecdb556c50c9e8de78 -> 
  custom:audio-decoder-ogg-vorbis: bf7c407c2cedff20999df2af8eb42d56 -> 
  custom:audio-encoder-webm-vorbis: bf7c407c2cedff20999df2af8eb42d56 -> 
========================================================================
Received Import Request.
  Time since last request: 343.872699 seconds.
  path: Assets/1stPerson/Models/First Person/Animation Controllers/SpearController 1.controller
  artifactKey: Guid(60d58134db1bf884e96ab2a0ad6fb77f) Importer(815301076,1909f56bfc062723c751e8b465ee728b)
Start importing Assets/1stPerson/Models/First Person/Animation Controllers/SpearController 1.controller using Guid(60d58134db1bf884e96ab2a0ad6fb77f) Importer(815301076,1909f56bfc062723c751e8b465ee728b)  -> (artifact id: '8e621380202e80d06f1b8d9b25fd4f08') in 0.212629 seconds 
========================================================================
Received Import Request.
  Time since last request: 0.561617 seconds.
  path: Assets/1stPerson/Models/First Person/Animation Controllers/SpearController.controller
  artifactKey: Guid(dbbbfbbd02e882d4d95c0d39bd2f740c) Importer(815301076,1909f56bfc062723c751e8b465ee728b)
Start importing Assets/1stPerson/Models/First Person/Animation Controllers/SpearController.controller using Guid(dbbbfbbd02e882d4d95c0d39bd2f740c) Importer(815301076,1909f56bfc062723c751e8b465ee728b)  -> (artifact id: 'a4ac993b7f4d4c306994901fa0e58c96') in 0.192053 seconds 
========================================================================
Received Import Request.
  Time since last request: 9.762310 seconds.
  path: Assets/1stPerson/Models/First Person/Animation Controllers/BowController.controller
  artifactKey: Guid(60d58134db1bf884e96ab2a0ad6fb77f) Importer(815301076,1909f56bfc062723c751e8b465ee728b)
Start importing Assets/1stPerson/Models/First Person/Animation Controllers/BowController.controller using Guid(60d58134db1bf884e96ab2a0ad6fb77f) Importer(815301076,1909f56bfc062723c751e8b465ee728b)  -> (artifact id: '5997777d27ed1ab084e033b10acfce94') in 0.194237 seconds 
AssetImportWorkerClient::OnTransportError - code=2 error=End of file
