Using pre-set license
Built from '2022.3/staging' branch; Version is '2022.3.4f1 (35713cd46cd7) revision 3502396'; Using compiler version '192829333'; Build Type 'Release'
OS: 'Windows 10  (10.0.19045) 64bit Professional' Language: 'sr' Physical Memory: 32677 MB
BatchMode: 1, IsHumanControllingUs: 0, StartBugReporterOnCrash: 0, Is64bit: 1, IsPro: 1

COMMAND LINE ARGUMENTS:
E:\Unity Installs\2022.3.4f1\Editor\Unity.exe
-adb2
-batchMode
-noUpm
-name
AssetImportWorker4
-projectPath
E:/Unity Projects/A-Week-To-Survive/A-Week-To-Survive
-logFile
Logs/AssetImportWorker4.log
-srvPort
60697
Successfully changed project path to: E:/Unity Projects/A-Week-To-Survive/A-Week-To-Survive
E:/Unity Projects/A-Week-To-Survive/A-Week-To-Survive
[UnityMemory] Configuration Parameters - Can be set up in boot.config
    "memorysetup-bucket-allocator-granularity=16"
    "memorysetup-bucket-allocator-bucket-count=8"
    "memorysetup-bucket-allocator-block-size=33554432"
    "memorysetup-bucket-allocator-block-count=8"
    "memorysetup-main-allocator-block-size=16777216"
    "memorysetup-thread-allocator-block-size=16777216"
    "memorysetup-gfx-main-allocator-block-size=16777216"
    "memorysetup-gfx-thread-allocator-block-size=16777216"
    "memorysetup-cache-allocator-block-size=4194304"
    "memorysetup-typetree-allocator-block-size=2097152"
    "memorysetup-profiler-bucket-allocator-granularity=16"
    "memorysetup-profiler-bucket-allocator-bucket-count=8"
    "memorysetup-profiler-bucket-allocator-block-size=33554432"
    "memorysetup-profiler-bucket-allocator-block-count=8"
    "memorysetup-profiler-allocator-block-size=16777216"
    "memorysetup-profiler-editor-allocator-block-size=1048576"
    "memorysetup-temp-allocator-size-main=16777216"
    "memorysetup-job-temp-allocator-block-size=2097152"
    "memorysetup-job-temp-allocator-block-size-background=1048576"
    "memorysetup-job-temp-allocator-reduction-small-platforms=262144"
    "memorysetup-allocator-temp-initial-block-size-main=262144"
    "memorysetup-allocator-temp-initial-block-size-worker=262144"
    "memorysetup-temp-allocator-size-background-worker=32768"
    "memorysetup-temp-allocator-size-job-worker=262144"
    "memorysetup-temp-allocator-size-preload-manager=33554432"
    "memorysetup-temp-allocator-size-nav-mesh-worker=65536"
    "memorysetup-temp-allocator-size-audio-worker=65536"
    "memorysetup-temp-allocator-size-cloud-worker=32768"
    "memorysetup-temp-allocator-size-gi-baking-worker=262144"
    "memorysetup-temp-allocator-size-gfx=262144"
Player connection [22392] Host "[IP] 192.168.1.104 [Port] 0 [Flags] 2 [Guid] 3557533524 [EditorId] 3557533524 [Version] 1048832 [Id] WindowsEditor(7,DESKTOP-82JGJFI) [Debug] 1 [PackageName] WindowsEditor [ProjectName] Editor" joined multi-casting on [225.0.0.222:54997]...

Player connection [22392] Host "[IP] 192.168.1.104 [Port] 0 [Flags] 2 [Guid] 3557533524 [EditorId] 3557533524 [Version] 1048832 [Id] WindowsEditor(7,DESKTOP-82JGJFI) [Debug] 1 [PackageName] WindowsEditor [ProjectName] Editor" joined alternative multi-casting on [225.0.0.222:34997]...

Refreshing native plugins compatible for Editor in 18.24 ms, found 2 plugins.
Preloading 0 native plugins for Editor in 0.00 ms.
Initialize engine version: 2022.3.4f1 (35713cd46cd7)
[Subsystems] Discovering subsystems at path E:/Unity Installs/2022.3.4f1/Editor/Data/Resources/UnitySubsystems
[Subsystems] Discovering subsystems at path E:/Unity Projects/A-Week-To-Survive/A-Week-To-Survive/Assets
GfxDevice: creating device client; threaded=0; jobified=0
Direct3D:
    Version:  Direct3D 11.0 [level 11.1]
    Renderer: NVIDIA GeForce RTX 3070 (ID=0x2484)
    Vendor:   NVIDIA
    VRAM:     8031 MB
    Driver:   31.0.15.3699
Initialize mono
Mono path[0] = 'E:/Unity Installs/2022.3.4f1/Editor/Data/Managed'
Mono path[1] = 'E:/Unity Installs/2022.3.4f1/Editor/Data/MonoBleedingEdge/lib/mono/unityjit-win32'
Mono config path = 'E:/Unity Installs/2022.3.4f1/Editor/Data/MonoBleedingEdge/etc'
Using monoOptions --debugger-agent=transport=dt_socket,embedding=1,server=y,suspend=n,address=127.0.0.1:56660
Begin MonoManager ReloadAssembly
Registering precompiled unity dll's ...
Register platform support module: E:/Unity Installs/2022.3.4f1/Editor/Data/PlaybackEngines/WindowsStandaloneSupport/UnityEditor.WindowsStandalone.Extensions.dll
Registered in 0.005550 seconds.
- Loaded All Assemblies, in  0.440 seconds
Native extension for WindowsStandalone target not found
Mono: successfully reloaded assembly
- Finished resetting the current domain, in  0.354 seconds
Domain Reload Profiling: 794ms
	BeginReloadAssembly (132ms)
		ExecutionOrderSort (0ms)
		DisableScriptedObjects (0ms)
		BackupInstance (0ms)
		ReleaseScriptingObjects (0ms)
		CreateAndSetChildDomain (1ms)
	RebuildCommonClasses (52ms)
	RebuildNativeTypeToScriptingClass (14ms)
	initialDomainReloadingComplete (67ms)
	LoadAllAssembliesAndSetupDomain (173ms)
		LoadAssemblies (132ms)
		RebuildTransferFunctionScriptingTraits (0ms)
		AnalyzeDomain (169ms)
			TypeCache.Refresh (168ms)
				TypeCache.ScanAssembly (154ms)
			ScanForSourceGeneratedMonoScriptInfo (0ms)
			ResolveRequiredComponents (1ms)
	FinalizeReload (355ms)
		ReleaseScriptCaches (0ms)
		RebuildScriptCaches (0ms)
		SetupLoadedEditorAssemblies (278ms)
			LogAssemblyErrors (0ms)
			InitializePlatformSupportModulesInManaged (10ms)
			SetLoadedEditorAssemblies (9ms)
			RefreshPlugins (0ms)
			BeforeProcessingInitializeOnLoad (3ms)
			ProcessInitializeOnLoadAttributes (185ms)
			ProcessInitializeOnLoadMethodAttributes (70ms)
			AfterProcessingInitializeOnLoad (0ms)
			EditorAssembliesLoaded (0ms)
		ExecutionOrderSort2 (0ms)
		AwakeInstancesAfterBackupRestoration (0ms)
========================================================================
Worker process is ready to serve import requests
Begin MonoManager ReloadAssembly
- Loaded All Assemblies, in  1.207 seconds
Refreshing native plugins compatible for Editor in 5.82 ms, found 2 plugins.
Native extension for WindowsStandalone target not found
Mono: successfully reloaded assembly
- Finished resetting the current domain, in  2.028 seconds
Domain Reload Profiling: 3235ms
	BeginReloadAssembly (199ms)
		ExecutionOrderSort (0ms)
		DisableScriptedObjects (12ms)
		BackupInstance (0ms)
		ReleaseScriptingObjects (0ms)
		CreateAndSetChildDomain (26ms)
	RebuildCommonClasses (46ms)
	RebuildNativeTypeToScriptingClass (14ms)
	initialDomainReloadingComplete (101ms)
	LoadAllAssembliesAndSetupDomain (846ms)
		LoadAssemblies (447ms)
		RebuildTransferFunctionScriptingTraits (0ms)
		AnalyzeDomain (510ms)
			TypeCache.Refresh (474ms)
				TypeCache.ScanAssembly (455ms)
			ScanForSourceGeneratedMonoScriptInfo (23ms)
			ResolveRequiredComponents (13ms)
	FinalizeReload (2029ms)
		ReleaseScriptCaches (0ms)
		RebuildScriptCaches (0ms)
		SetupLoadedEditorAssemblies (1824ms)
			LogAssemblyErrors (0ms)
			InitializePlatformSupportModulesInManaged (6ms)
			SetLoadedEditorAssemblies (4ms)
			RefreshPlugins (0ms)
			BeforeProcessingInitializeOnLoad (77ms)
			ProcessInitializeOnLoadAttributes (1654ms)
			ProcessInitializeOnLoadMethodAttributes (79ms)
			AfterProcessingInitializeOnLoad (4ms)
			EditorAssembliesLoaded (0ms)
		ExecutionOrderSort2 (0ms)
		AwakeInstancesAfterBackupRestoration (8ms)
Launched and connected shader compiler UnityShaderCompiler.exe after 0.06 seconds
Refreshing native plugins compatible for Editor in 5.94 ms, found 2 plugins.
Preloading 0 native plugins for Editor in 0.00 ms.
Unloading 3719 Unused Serialized files (Serialized files now loaded: 0)
Unloading 81 unused Assets / (393.0 KB). Loaded Objects now: 4271.
Memory consumption went from 281.9 MB to 281.5 MB.
Total: 5.233400 ms (FindLiveObjects: 0.385700 ms CreateObjectMapping: 0.133500 ms MarkObjects: 4.451200 ms  DeleteObjects: 0.261200 ms)

AssetImportParameters requested are different than current active one (requested -> active):
  custom:container-demuxer-ogg: 62fdf1f143b41e24485cea50d1cbac27 -> 
  custom:video-decoder-ogg-theora: a1e56fd34408186e4bbccfd4996cb3dc -> 
  custom:framework-win-MediaFoundation: 216162199b28c13a410421893ffa2e32 -> 
  custom:CustomObjectIndexerAttribute: a3ef5dd2817f97addfee359851a9dba5 -> 
  custom:container-demuxer-webm: 4f35f7cbe854078d1ac9338744f61a02 -> 
  custom:container-muxer-webm: aa71ff27fc2769a1b78a27578f13a17b -> 
  custom:video-decoder-webm-vp8: 9c59270c3fd7afecdb556c50c9e8de78 -> 
  custom:AudioImporter_EditorPlatform: d09bf68614088b80899f8185d706f6e7 -> 
  custom:video-encoder-webm-vp8: eb34c28f22e8b96e1ab97ce403110664 -> 
  custom:audio-decoder-ogg-vorbis: bf7c407c2cedff20999df2af8eb42d56 -> 
  custom:audio-encoder-webm-vorbis: bf7c407c2cedff20999df2af8eb42d56 -> 
========================================================================
Received Import Request.
  Time since last request: 1449200.275875 seconds.
  path: Assets/BuildingAssets/BuildingShed/Models/BuildingShed.FBX
  artifactKey: Guid(3f530f86a8d3fa34e9fb946394f76a23) Importer(815301076,1909f56bfc062723c751e8b465ee728b)
Start importing Assets/BuildingAssets/BuildingShed/Models/BuildingShed.FBX using Guid(3f530f86a8d3fa34e9fb946394f76a23) Importer(815301076,1909f56bfc062723c751e8b465ee728b)  -> (artifact id: '6c3495672098d760c183ccd3cdcefe87') in 0.012739 seconds
Number of updated asset objects reloaded before import = 0
Number of asset objects unloaded after import = 8
========================================================================
Received Import Request.
  Time since last request: 3.024393 seconds.
  path: Assets/BuildingAssets/Doors
  artifactKey: Guid(73ab74391fc12024aba60764702204dd) Importer(815301076,1909f56bfc062723c751e8b465ee728b)
Start importing Assets/BuildingAssets/Doors using Guid(73ab74391fc12024aba60764702204dd) Importer(815301076,1909f56bfc062723c751e8b465ee728b)  -> (artifact id: 'e54faf9e8d88564dde98016d30f898e1') in 0.000767 seconds
Number of updated asset objects reloaded before import = 0
Number of asset objects unloaded after import = 0
========================================================================
Received Import Request.
  Time since last request: 86.961268 seconds.
  path: Assets/Street_Assets
  artifactKey: Guid(6536fd96801b2564fa916f9a6f09bc64) Importer(815301076,1909f56bfc062723c751e8b465ee728b)
Start importing Assets/Street_Assets using Guid(6536fd96801b2564fa916f9a6f09bc64) Importer(815301076,1909f56bfc062723c751e8b465ee728b)  -> (artifact id: 'c91318b56bb362ffbdb659c833b469ec') in 0.000724 seconds
Number of updated asset objects reloaded before import = 0
Number of asset objects unloaded after import = 0
========================================================================
Received Import Request.
  Time since last request: 85.563409 seconds.
  path: Assets/STREET_ASSETS
  artifactKey: Guid(6536fd96801b2564fa916f9a6f09bc64) Importer(815301076,1909f56bfc062723c751e8b465ee728b)
Start importing Assets/STREET_ASSETS using Guid(6536fd96801b2564fa916f9a6f09bc64) Importer(815301076,1909f56bfc062723c751e8b465ee728b)  -> (artifact id: 'db50ebbc9a6de3061ab11e7ea77109c0') in 0.000716 seconds
Number of updated asset objects reloaded before import = 0
Number of asset objects unloaded after import = 0
========================================================================
Received Import Request.
  Time since last request: 4.785285 seconds.
  path: Assets/STREET_ASSETS/Free_Street_Props/PBR_Material
  artifactKey: Guid(994bb8d72f4f08e46be7966eb7a08a95) Importer(815301076,1909f56bfc062723c751e8b465ee728b)
Start importing Assets/STREET_ASSETS/Free_Street_Props/PBR_Material using Guid(994bb8d72f4f08e46be7966eb7a08a95) Importer(815301076,1909f56bfc062723c751e8b465ee728b)  -> (artifact id: '144f7203b95674637e0001d7c7c683d0') in 0.000781 seconds
Number of updated asset objects reloaded before import = 0
Number of asset objects unloaded after import = 0
========================================================================
Received Import Request.
  Time since last request: 2.219779 seconds.
  path: Assets/STREET_ASSETS/Free_Street_Props/PBR_Prefabs/barricade_01_a_01.prefab
  artifactKey: Guid(f2c1b096e9d5cf346947656ca0b07146) Importer(815301076,1909f56bfc062723c751e8b465ee728b)
Start importing Assets/STREET_ASSETS/Free_Street_Props/PBR_Prefabs/barricade_01_a_01.prefab using Guid(f2c1b096e9d5cf346947656ca0b07146) Importer(815301076,1909f56bfc062723c751e8b465ee728b)  -> (artifact id: '9c51a56079f7b12b57371f34423c15b8') in 0.003116 seconds
Number of updated asset objects reloaded before import = 0
Number of asset objects unloaded after import = 22
========================================================================
Received Import Request.
  Time since last request: 2.761016 seconds.
  path: Assets/STREET_ASSETS/Free_Street_Props/demo.unity
  artifactKey: Guid(066afdb4214722c4dab8633c29fdd17a) Importer(815301076,1909f56bfc062723c751e8b465ee728b)
Start importing Assets/STREET_ASSETS/Free_Street_Props/demo.unity using Guid(066afdb4214722c4dab8633c29fdd17a) Importer(815301076,1909f56bfc062723c751e8b465ee728b)  -> (artifact id: '21747cd15a1a2cc95e00c1c22c8bc5b6') in 0.000767 seconds
Number of updated asset objects reloaded before import = 0
Number of asset objects unloaded after import = 0
========================================================================
Received Import Request.
  Time since last request: 88.278898 seconds.
  path: Assets/Scenes/AWeekToSurvive.unity
  artifactKey: Guid(9fc0d4010bbf28b4594072e72b8655ab) Importer(815301076,1909f56bfc062723c751e8b465ee728b)
Start importing Assets/Scenes/AWeekToSurvive.unity using Guid(9fc0d4010bbf28b4594072e72b8655ab) Importer(815301076,1909f56bfc062723c751e8b465ee728b)  -> (artifact id: '8542c3a8c6ac5c3b2287b1af3591fac1') in 0.000592 seconds
Number of updated asset objects reloaded before import = 0
Number of asset objects unloaded after import = 0
========================================================================
Received Import Request.
  Time since last request: 409.199815 seconds.
  path: Assets/Vefects
  artifactKey: Guid(a73bc430b3510e541963e3cf36bba601) Importer(815301076,1909f56bfc062723c751e8b465ee728b)
Start importing Assets/Vefects using Guid(a73bc430b3510e541963e3cf36bba601) Importer(815301076,1909f56bfc062723c751e8b465ee728b)  -> (artifact id: 'dc344e4a657081dcbbcd14f88444084b') in 0.000899 seconds
Number of updated asset objects reloaded before import = 0
Number of asset objects unloaded after import = 0
========================================================================
Received Import Request.
  Time since last request: 1.320422 seconds.
  path: Assets/Vefects/Audio
  artifactKey: Guid(fe1351f1f84423542a5720be83c07f24) Importer(815301076,1909f56bfc062723c751e8b465ee728b)
Start importing Assets/Vefects/Audio using Guid(fe1351f1f84423542a5720be83c07f24) Importer(815301076,1909f56bfc062723c751e8b465ee728b)  -> (artifact id: 'ed1676fe00933e0fb235767fe324e3a8') in 0.000668 seconds
Number of updated asset objects reloaded before import = 0
Number of asset objects unloaded after import = 0
========================================================================
Received Import Request.
  Time since last request: 1.348890 seconds.
  path: Assets/Vefects/Scene/Meshes
  artifactKey: Guid(cc9d7952e97350b42b40a81a21f1e792) Importer(815301076,1909f56bfc062723c751e8b465ee728b)
Start importing Assets/Vefects/Scene/Meshes using Guid(cc9d7952e97350b42b40a81a21f1e792) Importer(815301076,1909f56bfc062723c751e8b465ee728b)  -> (artifact id: '6ba2b050b5bd4ff547da4f7313717c26') in 0.000605 seconds
Number of updated asset objects reloaded before import = 0
Number of asset objects unloaded after import = 0
========================================================================
Received Import Request.
  Time since last request: 2.358217 seconds.
  path: Assets/Vefects/Scene/Scenes/VFX_Scene_Outdoors.unity
  artifactKey: Guid(91e2cb515eadb3f45bb902a1d3910883) Importer(815301076,1909f56bfc062723c751e8b465ee728b)
Start importing Assets/Vefects/Scene/Scenes/VFX_Scene_Outdoors.unity using Guid(91e2cb515eadb3f45bb902a1d3910883) Importer(815301076,1909f56bfc062723c751e8b465ee728b)  -> (artifact id: 'a002463c21d1af0b9c3f2f44577905ff') in 0.000670 seconds
Number of updated asset objects reloaded before import = 0
Number of asset objects unloaded after import = 0
========================================================================
Received Import Request.
  Time since last request: 1.889201 seconds.
  path: Assets/Vefects/Scene
  artifactKey: Guid(7d2ae1132c30b1240a6c908bfdb232da) Importer(815301076,1909f56bfc062723c751e8b465ee728b)
Start importing Assets/Vefects/Scene using Guid(7d2ae1132c30b1240a6c908bfdb232da) Importer(815301076,1909f56bfc062723c751e8b465ee728b)  -> (artifact id: '7339cbfae89cbac2ecc98b6749cb16de') in 0.000658 seconds
Number of updated asset objects reloaded before import = 0
Number of asset objects unloaded after import = 0
========================================================================
Received Import Request.
  Time since last request: 18.856621 seconds.
  path: Assets/Vefects/Scene/Textures/Metrics_Grid_Normal.TGA
  artifactKey: Guid(4f1502c89b49fa2419daab4477020e86) Importer(815301076,1909f56bfc062723c751e8b465ee728b)
Start importing Assets/Vefects/Scene/Textures/Metrics_Grid_Normal.TGA using Guid(4f1502c89b49fa2419daab4477020e86) Importer(815301076,1909f56bfc062723c751e8b465ee728b)  -> (artifact id: '6d3c4fbba4e4a4a82afa71573cbe0758') in 0.010229 seconds
Number of updated asset objects reloaded before import = 0
Number of asset objects unloaded after import = 1
========================================================================
Received Import Request.
  Time since last request: 8.940225 seconds.
  path: Assets/Vefects/VFX/Free Fire
  artifactKey: Guid(eab8f9a07cf910b4fa33106bcde30b15) Importer(815301076,1909f56bfc062723c751e8b465ee728b)
Start importing Assets/Vefects/VFX/Free Fire using Guid(eab8f9a07cf910b4fa33106bcde30b15) Importer(815301076,1909f56bfc062723c751e8b465ee728b)  -> (artifact id: '1060a72dfd989a2e5a80cfa22e0eca43') in 0.000585 seconds
Number of updated asset objects reloaded before import = 0
Number of asset objects unloaded after import = 0
========================================================================
Received Import Request.
  Time since last request: 2.424890 seconds.
  path: Assets/Vefects/VFX/Free Fire/HDRPDefaultResources
  artifactKey: Guid(7cb7a4f643cbd494da034e527cd41c44) Importer(815301076,1909f56bfc062723c751e8b465ee728b)
Start importing Assets/Vefects/VFX/Free Fire/HDRPDefaultResources using Guid(7cb7a4f643cbd494da034e527cd41c44) Importer(815301076,1909f56bfc062723c751e8b465ee728b)  -> (artifact id: 'd686a711054013347a8497d297b39b19') in 0.000528 seconds
Number of updated asset objects reloaded before import = 0
Number of asset objects unloaded after import = 0
========================================================================
Received Import Request.
  Time since last request: 2.164742 seconds.
  path: Assets/Vefects/VFX/Free Fire/HDRPDefaultResources/DefaultLookDevProfile.asset
  artifactKey: Guid(1106461446f519e41b1909d2cf62dd8a) Importer(815301076,1909f56bfc062723c751e8b465ee728b)
Start importing Assets/Vefects/VFX/Free Fire/HDRPDefaultResources/DefaultLookDevProfile.asset using Guid(1106461446f519e41b1909d2cf62dd8a) Importer(815301076,1909f56bfc062723c751e8b465ee728b)  -> (artifact id: '89fa6fe317d0ed77aa99d001826e86a4') in 0.002849 seconds
Number of updated asset objects reloaded before import = 0
Number of asset objects unloaded after import = 5
========================================================================
Received Import Request.
  Time since last request: 2.295145 seconds.
  path: Assets/Vefects/VFX/Free Fire/Lights/VFX_Point_Light.prefab
  artifactKey: Guid(9f90aa15c6b14234ea7247f33f09e816) Importer(815301076,1909f56bfc062723c751e8b465ee728b)
Start importing Assets/Vefects/VFX/Free Fire/Lights/VFX_Point_Light.prefab using Guid(9f90aa15c6b14234ea7247f33f09e816) Importer(815301076,1909f56bfc062723c751e8b465ee728b)  -> (artifact id: '2d724b2bbe08137a9104a583051f95f2') in 0.001438 seconds
Number of updated asset objects reloaded before import = 0
Number of asset objects unloaded after import = 5
========================================================================
Received Import Request.
  Time since last request: 6.612540 seconds.
  path: Assets/Vefects/VFX/Free Fire/Textures/T_VFX_Noise_07.tga
  artifactKey: Guid(18fec5444868e3a4ea8d35621cf36657) Importer(815301076,1909f56bfc062723c751e8b465ee728b)
Start importing Assets/Vefects/VFX/Free Fire/Textures/T_VFX_Noise_07.tga using Guid(18fec5444868e3a4ea8d35621cf36657) Importer(815301076,1909f56bfc062723c751e8b465ee728b)  -> (artifact id: '426481818ed46f7ca0928196a07e3b9f') in 0.002521 seconds
Number of updated asset objects reloaded before import = 0
Number of asset objects unloaded after import = 1
========================================================================
Received Import Request.
  Time since last request: 18.528977 seconds.
  path: Assets/Vefects/VFX/Free Fire/Textures/T_VFX_Noise_03.tga
  artifactKey: Guid(f1b6b10620016be45b38159cac55e09b) Importer(815301076,1909f56bfc062723c751e8b465ee728b)
Start importing Assets/Vefects/VFX/Free Fire/Textures/T_VFX_Noise_03.tga using Guid(f1b6b10620016be45b38159cac55e09b) Importer(815301076,1909f56bfc062723c751e8b465ee728b)  -> (artifact id: '003c20a867e709f37754f0356f1e2160') in 0.001844 seconds
Number of updated asset objects reloaded before import = 0
Number of asset objects unloaded after import = 1
========================================================================
Received Import Request.
  Time since last request: 0.002703 seconds.
  path: Assets/Vefects/VFX/Free Fire/Textures/T_VFX_Fire_Ground_Mask_01.tga
  artifactKey: Guid(48dc7bc18268b924c8348d314decc5da) Importer(815301076,1909f56bfc062723c751e8b465ee728b)
Start importing Assets/Vefects/VFX/Free Fire/Textures/T_VFX_Fire_Ground_Mask_01.tga using Guid(48dc7bc18268b924c8348d314decc5da) Importer(815301076,1909f56bfc062723c751e8b465ee728b)  -> (artifact id: 'ba0813132a0542b61b197845985391a9') in 0.002407 seconds
Number of updated asset objects reloaded before import = 0
Number of asset objects unloaded after import = 1
========================================================================
Received Import Request.
  Time since last request: 10.863681 seconds.
  path: Assets/Vefects/VFX/Free Fire/Textures/T_VFX_Glow_01.tga
  artifactKey: Guid(6f2550861d7935849be9ceb2fcd8ac83) Importer(815301076,1909f56bfc062723c751e8b465ee728b)
Start importing Assets/Vefects/VFX/Free Fire/Textures/T_VFX_Glow_01.tga using Guid(6f2550861d7935849be9ceb2fcd8ac83) Importer(815301076,1909f56bfc062723c751e8b465ee728b)  -> (artifact id: '8c2c23283d5967dcb48e73ba7ca76271') in 0.002625 seconds
Number of updated asset objects reloaded before import = 0
Number of asset objects unloaded after import = 1
========================================================================
Received Import Request.
  Time since last request: 0.363877 seconds.
  path: Assets/Vefects/VFX/Free Fire/Textures/T_VFX_Directional_Dust_01.tga
  artifactKey: Guid(52a074a757c62bc448f9ef266ee7db81) Importer(815301076,1909f56bfc062723c751e8b465ee728b)
Start importing Assets/Vefects/VFX/Free Fire/Textures/T_VFX_Directional_Dust_01.tga using Guid(52a074a757c62bc448f9ef266ee7db81) Importer(815301076,1909f56bfc062723c751e8b465ee728b)  -> (artifact id: '3ce89aab232e7985c59dda6402164c8a') in 0.001467 seconds
Number of updated asset objects reloaded before import = 0
Number of asset objects unloaded after import = 1
========================================================================
Received Import Request.
  Time since last request: 0.602603 seconds.
  path: Assets/Vefects/VFX/Free Fire/Textures/T_VFX_Ash_01.tga
  artifactKey: Guid(0cf971d2416006347b1f6b1c60b49c1f) Importer(815301076,1909f56bfc062723c751e8b465ee728b)
Start importing Assets/Vefects/VFX/Free Fire/Textures/T_VFX_Ash_01.tga using Guid(0cf971d2416006347b1f6b1c60b49c1f) Importer(815301076,1909f56bfc062723c751e8b465ee728b)  -> (artifact id: 'bab39769d2f817a1d724143f392e2c3f') in 0.001587 seconds
Number of updated asset objects reloaded before import = 0
Number of asset objects unloaded after import = 1
========================================================================
Received Import Request.
  Time since last request: 3.877599 seconds.
  path: Assets/Vefects/VFX/Free Fire/Textures/T_VFX_Smoke_01.tga
  artifactKey: Guid(ce5c2d0c89125f04084fbd404c9291c7) Importer(815301076,1909f56bfc062723c751e8b465ee728b)
Start importing Assets/Vefects/VFX/Free Fire/Textures/T_VFX_Smoke_01.tga using Guid(ce5c2d0c89125f04084fbd404c9291c7) Importer(815301076,1909f56bfc062723c751e8b465ee728b)  -> (artifact id: 'adf9935547b245e46f590cfb6add65c7') in 0.001527 seconds
Number of updated asset objects reloaded before import = 0
Number of asset objects unloaded after import = 1
========================================================================
Received Import Request.
  Time since last request: 26.075459 seconds.
  path: Assets/Scenes/AWeekToSurvive.unity
  artifactKey: Guid(9fc0d4010bbf28b4594072e72b8655ab) Importer(815301076,1909f56bfc062723c751e8b465ee728b)
Start importing Assets/Scenes/AWeekToSurvive.unity using Guid(9fc0d4010bbf28b4594072e72b8655ab) Importer(815301076,1909f56bfc062723c751e8b465ee728b)  -> (artifact id: '8a15704361b33a20dd02dbdd93074f38') in 0.000633 seconds
Number of updated asset objects reloaded before import = 0
Number of asset objects unloaded after import = 0
========================================================================
Received Prepare
Begin MonoManager ReloadAssembly
- Loaded All Assemblies, in  1.138 seconds
Refreshing native plugins compatible for Editor in 5.85 ms, found 2 plugins.
Native extension for WindowsStandalone target not found
Mono: successfully reloaded assembly
- Finished resetting the current domain, in  1.694 seconds
Domain Reload Profiling: 2831ms
	BeginReloadAssembly (219ms)
		ExecutionOrderSort (0ms)
		DisableScriptedObjects (6ms)
		BackupInstance (0ms)
		ReleaseScriptingObjects (0ms)
		CreateAndSetChildDomain (60ms)
	RebuildCommonClasses (47ms)
	RebuildNativeTypeToScriptingClass (15ms)
	initialDomainReloadingComplete (79ms)
	LoadAllAssembliesAndSetupDomain (776ms)
		LoadAssemblies (418ms)
		RebuildTransferFunctionScriptingTraits (0ms)
		AnalyzeDomain (477ms)
			TypeCache.Refresh (457ms)
				TypeCache.ScanAssembly (439ms)
			ScanForSourceGeneratedMonoScriptInfo (7ms)
			ResolveRequiredComponents (13ms)
	FinalizeReload (1694ms)
		ReleaseScriptCaches (0ms)
		RebuildScriptCaches (0ms)
		SetupLoadedEditorAssemblies (982ms)
			LogAssemblyErrors (0ms)
			InitializePlatformSupportModulesInManaged (6ms)
			SetLoadedEditorAssemblies (4ms)
			RefreshPlugins (0ms)
			BeforeProcessingInitializeOnLoad (75ms)
			ProcessInitializeOnLoadAttributes (820ms)
			ProcessInitializeOnLoadMethodAttributes (73ms)
			AfterProcessingInitializeOnLoad (4ms)
			EditorAssembliesLoaded (0ms)
		ExecutionOrderSort2 (0ms)
		AwakeInstancesAfterBackupRestoration (19ms)
Shader 'Custom/AdditiveTintable': fallback shader 'Particles/Additive (Soft)' not found
Shader 'Custom/AdditiveTintable': fallback shader 'Particles/Additive (Soft)' not found
Refreshing native plugins compatible for Editor in 6.05 ms, found 2 plugins.
Preloading 0 native plugins for Editor in 0.00 ms.
Unloading 3541 Unused Serialized files (Serialized files now loaded: 0)
Unloading 49 unused Assets / (435.3 KB). Loaded Objects now: 4298.
Memory consumption went from 246.1 MB to 245.7 MB.
Total: 5.885800 ms (FindLiveObjects: 0.421600 ms CreateObjectMapping: 0.147800 ms MarkObjects: 4.812300 ms  DeleteObjects: 0.502500 ms)

Prepare: number of updated asset objects reloaded= 0
AssetImportParameters requested are different than current active one (requested -> active):
  custom:container-demuxer-ogg: 62fdf1f143b41e24485cea50d1cbac27 -> 
  custom:video-decoder-ogg-theora: a1e56fd34408186e4bbccfd4996cb3dc -> 
  custom:framework-win-MediaFoundation: 216162199b28c13a410421893ffa2e32 -> 
  custom:CustomObjectIndexerAttribute: a3ef5dd2817f97addfee359851a9dba5 -> 
  custom:container-demuxer-webm: 4f35f7cbe854078d1ac9338744f61a02 -> 
  custom:container-muxer-webm: aa71ff27fc2769a1b78a27578f13a17b -> 
  custom:video-decoder-webm-vp8: 9c59270c3fd7afecdb556c50c9e8de78 -> 
  custom:AudioImporter_EditorPlatform: d09bf68614088b80899f8185d706f6e7 -> 
  custom:video-encoder-webm-vp8: eb34c28f22e8b96e1ab97ce403110664 -> 
  custom:audio-decoder-ogg-vorbis: bf7c407c2cedff20999df2af8eb42d56 -> 
  custom:audio-encoder-webm-vorbis: bf7c407c2cedff20999df2af8eb42d56 -> 
========================================================================
Received Import Request.
  Time since last request: 270.418862 seconds.
  path: Assets/1stPerson/Sounds/Guns/Fire/Assault Rifle Fire.mp3
  artifactKey: Guid(e0ab50aa5db40dc47a22404495c76a7b) Importer(815301076,1909f56bfc062723c751e8b465ee728b)
Start importing Assets/1stPerson/Sounds/Guns/Fire/Assault Rifle Fire.mp3 using Guid(e0ab50aa5db40dc47a22404495c76a7b) Importer(815301076,1909f56bfc062723c751e8b465ee728b)  -> (artifact id: '662c17c8fc0470c223e9a96945faf45b') in 0.041821 seconds
Number of updated asset objects reloaded before import = 0
Number of asset objects unloaded after import = 1
========================================================================
Received Import Request.
  Time since last request: 0.004318 seconds.
  path: Assets/ZombieAssets/SkinlessZombie/SkinlessZombie/Art/Textures/axe_fireaxe_BaseMap.png
  artifactKey: Guid(56e23d3858906aa448bfdf0b5e41f1b2) Importer(815301076,1909f56bfc062723c751e8b465ee728b)
Start importing Assets/ZombieAssets/SkinlessZombie/SkinlessZombie/Art/Textures/axe_fireaxe_BaseMap.png using Guid(56e23d3858906aa448bfdf0b5e41f1b2) Importer(815301076,1909f56bfc062723c751e8b465ee728b)  -> (artifact id: 'ddbef2f66c024cd8115e27d84866df9a') in 0.024400 seconds
Number of updated asset objects reloaded before import = 0
Number of asset objects unloaded after import = 1
========================================================================
Received Import Request.
  Time since last request: 0.027304 seconds.
  path: Assets/ZombieAssets/SkinlessZombie/SkinlessZombie/Art/Textures/axe_fireaxe_Normal.png
  artifactKey: Guid(ba6d6e2918e59174b92125d498ad9f24) Importer(815301076,1909f56bfc062723c751e8b465ee728b)
Start importing Assets/ZombieAssets/SkinlessZombie/SkinlessZombie/Art/Textures/axe_fireaxe_Normal.png using Guid(ba6d6e2918e59174b92125d498ad9f24) Importer(815301076,1909f56bfc062723c751e8b465ee728b)  -> (artifact id: 'ac1135de3877eac4e6ee4f9c2ce464ae') in 0.020161 seconds
Number of updated asset objects reloaded before import = 0
Number of asset objects unloaded after import = 1
========================================================================
Received Import Request.
  Time since last request: 0.000018 seconds.
  path: Assets/PyroParticles/Prefab/Audio/CampFire.ogg
  artifactKey: Guid(d0d0b7f865e3a50448df4610cf2681dd) Importer(815301076,1909f56bfc062723c751e8b465ee728b)
Start importing Assets/PyroParticles/Prefab/Audio/CampFire.ogg using Guid(d0d0b7f865e3a50448df4610cf2681dd) Importer(815301076,1909f56bfc062723c751e8b465ee728b)  -> (artifact id: '68a2100f7d8e1ae6dc7b7c009cee376f') in 0.001126 seconds
Number of updated asset objects reloaded before import = 0
Number of asset objects unloaded after import = 1
========================================================================
Received Import Request.
  Time since last request: 0.036420 seconds.
  path: Assets/1stPerson/Textures/Weapons/World/Fire Torch_Pickup.png
  artifactKey: Guid(ed82adc6aaf4b2942b698f81508b03f4) Importer(815301076,1909f56bfc062723c751e8b465ee728b)
Start importing Assets/1stPerson/Textures/Weapons/World/Fire Torch_Pickup.png using Guid(ed82adc6aaf4b2942b698f81508b03f4) Importer(815301076,1909f56bfc062723c751e8b465ee728b)  -> (artifact id: '57c0fca2e3fbf5614d6c686a065f89b8') in 0.002632 seconds
Number of updated asset objects reloaded before import = 0
Number of asset objects unloaded after import = 1
========================================================================
Received Import Request.
  Time since last request: 0.004375 seconds.
  path: Assets/1stPerson/Models/First Person/All Animations/EmptyHands.fbx
  artifactKey: Guid(4ce58a504d16b4e4aba6a4c5349b37ac) Importer(815301076,1909f56bfc062723c751e8b465ee728b)
Start importing Assets/1stPerson/Models/First Person/All Animations/EmptyHands.fbx using Guid(4ce58a504d16b4e4aba6a4c5349b37ac) Importer(815301076,1909f56bfc062723c751e8b465ee728b)  -> (artifact id: 'f0414fbd815b8e6e1d976eb8520484c9') in 0.046596 seconds
Number of updated asset objects reloaded before import = 0
Number of asset objects unloaded after import = 101
========================================================================
Received Import Request.
  Time since last request: 0.000744 seconds.
  path: Assets/ZombieAssets/SkinlessZombie/SkinlessZombie/Prefabs/fireaxe.prefab
  artifactKey: Guid(4286784eafadf9f4ebfb6f725ab2da99) Importer(815301076,1909f56bfc062723c751e8b465ee728b)
Start importing Assets/ZombieAssets/SkinlessZombie/SkinlessZombie/Prefabs/fireaxe.prefab using Guid(4286784eafadf9f4ebfb6f725ab2da99) Importer(815301076,1909f56bfc062723c751e8b465ee728b)  -> (artifact id: '93543a18e92e1421fc65b1871abed509') in 0.003232 seconds
Number of updated asset objects reloaded before import = 0
Number of asset objects unloaded after import = 22
========================================================================
Received Import Request.
  Time since last request: 0.003241 seconds.
  path: Assets/PyroParticles/Prefab/Audio/FireExplosion1.ogg
  artifactKey: Guid(31dbe1f047a081845bd95a5b256ee829) Importer(815301076,1909f56bfc062723c751e8b465ee728b)
Start importing Assets/PyroParticles/Prefab/Audio/FireExplosion1.ogg using Guid(31dbe1f047a081845bd95a5b256ee829) Importer(815301076,1909f56bfc062723c751e8b465ee728b)  -> (artifact id: 'f1703ea1cea0a306c2021e09913920fa') in 0.001486 seconds
Number of updated asset objects reloaded before import = 0
Number of asset objects unloaded after import = 1
========================================================================
Received Import Request.
  Time since last request: 0.000028 seconds.
  path: Assets/PyroParticles/Prefab/Audio/FireExplosion9.ogg
  artifactKey: Guid(00567c9401ce5364fa0b2830749f785a) Importer(815301076,1909f56bfc062723c751e8b465ee728b)
Start importing Assets/PyroParticles/Prefab/Audio/FireExplosion9.ogg using Guid(00567c9401ce5364fa0b2830749f785a) Importer(815301076,1909f56bfc062723c751e8b465ee728b)  -> (artifact id: '6ea4eda3d3def5d3bfef7885b27b6aba') in 0.001186 seconds
Number of updated asset objects reloaded before import = 0
Number of asset objects unloaded after import = 1
========================================================================
Received Import Request.
  Time since last request: 0.000020 seconds.
  path: Assets/PyroParticles/Prefab/Textures/FireParticleFireballSheetTexture.png
  artifactKey: Guid(87be4190eae46cf459ae6177b8698f03) Importer(815301076,1909f56bfc062723c751e8b465ee728b)
Start importing Assets/PyroParticles/Prefab/Textures/FireParticleFireballSheetTexture.png using Guid(87be4190eae46cf459ae6177b8698f03) Importer(815301076,1909f56bfc062723c751e8b465ee728b)  -> (artifact id: '4e0953ce6e42432d868495732661b016') in 0.002191 seconds
Number of updated asset objects reloaded before import = 0
Number of asset objects unloaded after import = 1
========================================================================
Received Import Request.
  Time since last request: 0.000025 seconds.
  path: Assets/PyroParticles/Prefab/Audio/FireLoop3.ogg
  artifactKey: Guid(dd4cb05799dab124e9b5105f893be5d5) Importer(815301076,1909f56bfc062723c751e8b465ee728b)
Start importing Assets/PyroParticles/Prefab/Audio/FireLoop3.ogg using Guid(dd4cb05799dab124e9b5105f893be5d5) Importer(815301076,1909f56bfc062723c751e8b465ee728b)  -> (artifact id: 'f71a41da92238b436a09eb830d0ca751') in 0.001461 seconds
Number of updated asset objects reloaded before import = 0
Number of asset objects unloaded after import = 1
========================================================================
Received Import Request.
  Time since last request: 0.000025 seconds.
  path: Assets/PyroParticles/Prefab/Materials/FireParticalSmokeMaterial.mat
  artifactKey: Guid(686b6124da653dd46bbb7825a4d55a46) Importer(815301076,1909f56bfc062723c751e8b465ee728b)
Start importing Assets/PyroParticles/Prefab/Materials/FireParticalSmokeMaterial.mat using Guid(686b6124da653dd46bbb7825a4d55a46) Importer(815301076,1909f56bfc062723c751e8b465ee728b)  -> (artifact id: 'ff259339343c155c928f6be39e6a56c0') in 0.002803 seconds
Number of updated asset objects reloaded before import = 0
Number of asset objects unloaded after import = 1
========================================================================
Received Import Request.
  Time since last request: 0.000022 seconds.
  path: Assets/PyroParticles/Prefab/Textures/FireParticleFlameSheetTexture.png
  artifactKey: Guid(4e505ad81f5b19c4cb6f445d36463955) Importer(815301076,1909f56bfc062723c751e8b465ee728b)
Start importing Assets/PyroParticles/Prefab/Textures/FireParticleFlameSheetTexture.png using Guid(4e505ad81f5b19c4cb6f445d36463955) Importer(815301076,1909f56bfc062723c751e8b465ee728b)  -> (artifact id: '71e1cb758e0b29539cb20d149a7c57fe') in 0.002312 seconds
Number of updated asset objects reloaded before import = 0
Number of asset objects unloaded after import = 1
========================================================================
Received Import Request.
  Time since last request: 0.000071 seconds.
  path: Assets/PyroParticles/Prefab/Models/FireModelSphere_LowPoly.fbx
  artifactKey: Guid(04bd492e0e5d35a48a3f6c6ac3f3eba6) Importer(815301076,1909f56bfc062723c751e8b465ee728b)
Start importing Assets/PyroParticles/Prefab/Models/FireModelSphere_LowPoly.fbx using Guid(04bd492e0e5d35a48a3f6c6ac3f3eba6) Importer(815301076,1909f56bfc062723c751e8b465ee728b)  -> (artifact id: '000167142f06e49dbe17f8cf108449d6') in 0.002672 seconds
Number of updated asset objects reloaded before import = 0
Number of asset objects unloaded after import = 20
========================================================================
Received Import Request.
  Time since last request: 0.000017 seconds.
  path: Assets/PyroParticles/Prefab/Audio/FireExplosion7.ogg
  artifactKey: Guid(1b1e870555539084e867c27366722812) Importer(815301076,1909f56bfc062723c751e8b465ee728b)
Start importing Assets/PyroParticles/Prefab/Audio/FireExplosion7.ogg using Guid(1b1e870555539084e867c27366722812) Importer(815301076,1909f56bfc062723c751e8b465ee728b)  -> (artifact id: '5cd20e74b0702cd6b4d8322808d5f3b3') in 0.001232 seconds
Number of updated asset objects reloaded before import = 0
Number of asset objects unloaded after import = 1
========================================================================
Received Import Request.
  Time since last request: 0.000017 seconds.
  path: Assets/PyroParticles/Prefab/Textures/FireParticleCloudWhite.png
  artifactKey: Guid(5b303ff28ad9368468a2edd759cf458d) Importer(815301076,1909f56bfc062723c751e8b465ee728b)
Start importing Assets/PyroParticles/Prefab/Textures/FireParticleCloudWhite.png using Guid(5b303ff28ad9368468a2edd759cf458d) Importer(815301076,1909f56bfc062723c751e8b465ee728b)  -> (artifact id: '89791266fa61e5b7167a6ce50adaf370') in 0.001528 seconds
Number of updated asset objects reloaded before import = 0
Number of asset objects unloaded after import = 1
========================================================================
Received Import Request.
  Time since last request: 0.000016 seconds.
  path: Assets/PyroParticles/Prefab/Materials/FireParticleMeteor4Material.mat
  artifactKey: Guid(9f663aa0d3dc3f44389306ed68c6c668) Importer(815301076,1909f56bfc062723c751e8b465ee728b)
Start importing Assets/PyroParticles/Prefab/Materials/FireParticleMeteor4Material.mat using Guid(9f663aa0d3dc3f44389306ed68c6c668) Importer(815301076,1909f56bfc062723c751e8b465ee728b)  -> (artifact id: '58a003faaa4701115fb1d7566796db7d') in 0.001241 seconds
Number of updated asset objects reloaded before import = 0
Number of asset objects unloaded after import = 1
========================================================================
Received Import Request.
  Time since last request: 0.000018 seconds.
  path: Assets/STREET_ASSETS/Free_Street_Props/PBR_Prefabs/firehydrant_01_a_02.prefab
  artifactKey: Guid(a657157b650d824469701d48ff0391ed) Importer(815301076,1909f56bfc062723c751e8b465ee728b)
Start importing Assets/STREET_ASSETS/Free_Street_Props/PBR_Prefabs/firehydrant_01_a_02.prefab using Guid(a657157b650d824469701d48ff0391ed) Importer(815301076,1909f56bfc062723c751e8b465ee728b)  -> (artifact id: '74173d20bda9872a647fb6b61876c368') in 0.002287 seconds
Number of updated asset objects reloaded before import = 0
Number of asset objects unloaded after import = 16
========================================================================
Received Import Request.
  Time since last request: 0.000016 seconds.
  path: Assets/PyroParticles/Prefab/Audio/FireExplosion6.ogg
  artifactKey: Guid(15b61cecc9c413944b23744fbd523914) Importer(815301076,1909f56bfc062723c751e8b465ee728b)
Start importing Assets/PyroParticles/Prefab/Audio/FireExplosion6.ogg using Guid(15b61cecc9c413944b23744fbd523914) Importer(815301076,1909f56bfc062723c751e8b465ee728b)  -> (artifact id: 'd0f700a750c87b16655b90bad061f886') in 0.001200 seconds
Number of updated asset objects reloaded before import = 0
Number of asset objects unloaded after import = 1
========================================================================
Received Import Request.
  Time since last request: 0.000027 seconds.
  path: Assets/PyroParticles/Prefab/Prefab/Firebolt.prefab
  artifactKey: Guid(369eee557c4d41c479225bf744fa6a5f) Importer(815301076,1909f56bfc062723c751e8b465ee728b)
Start importing Assets/PyroParticles/Prefab/Prefab/Firebolt.prefab using Guid(369eee557c4d41c479225bf744fa6a5f) Importer(815301076,1909f56bfc062723c751e8b465ee728b)  -> (artifact id: '736f0b87d967a74e773a0e063bcbdb1c') in 0.007540 seconds
Number of updated asset objects reloaded before import = 0
Number of asset objects unloaded after import = 21
========================================================================
Received Import Request.
  Time since last request: 0.000018 seconds.
  path: Assets/PyroParticles/Prefab/Models/FireModelRocks_LowPoly.fbx
  artifactKey: Guid(371ed6c0dd75f6a4ebd1dfcb0b578b46) Importer(815301076,1909f56bfc062723c751e8b465ee728b)
Start importing Assets/PyroParticles/Prefab/Models/FireModelRocks_LowPoly.fbx using Guid(371ed6c0dd75f6a4ebd1dfcb0b578b46) Importer(815301076,1909f56bfc062723c751e8b465ee728b)  -> (artifact id: '78933812ac5ddbaee1b54f50510deabc') in 0.003107 seconds
Number of updated asset objects reloaded before import = 0
Number of asset objects unloaded after import = 37
========================================================================
Received Import Request.
  Time since last request: 0.000021 seconds.
  path: Assets/PyroParticles/Prefab/Audio/FireExplosion4.ogg
  artifactKey: Guid(222141dd968fb6447b5c790b6d87a27b) Importer(815301076,1909f56bfc062723c751e8b465ee728b)
Start importing Assets/PyroParticles/Prefab/Audio/FireExplosion4.ogg using Guid(222141dd968fb6447b5c790b6d87a27b) Importer(815301076,1909f56bfc062723c751e8b465ee728b)  -> (artifact id: '5e070de89a29dc7bbab702e4624d7ee1') in 0.001458 seconds
Number of updated asset objects reloaded before import = 0
Number of asset objects unloaded after import = 1
========================================================================
Received Import Request.
  Time since last request: 0.000039 seconds.
  path: Assets/PyroParticles/Prefab/Materials/FireParticleGlowMaterial.mat
  artifactKey: Guid(3eb8cc4a6fb112f418bc9ccff02be21f) Importer(815301076,1909f56bfc062723c751e8b465ee728b)
Start importing Assets/PyroParticles/Prefab/Materials/FireParticleGlowMaterial.mat using Guid(3eb8cc4a6fb112f418bc9ccff02be21f) Importer(815301076,1909f56bfc062723c751e8b465ee728b) Shader 'Custom/AdditiveTintable': fallback shader 'Particles/Additive (Soft)' not found
 -> (artifact id: '7d872cfb1515b219aa9c4d47820a05a8') in 0.001994 seconds
Number of updated asset objects reloaded before import = 0
Number of asset objects unloaded after import = 2
========================================================================
Received Import Request.
  Time since last request: 0.000016 seconds.
  path: Assets/PyroParticles/Prefab/Audio/FireExplosion8.ogg
  artifactKey: Guid(3bbe242bc37c8614fbe02c843ed5b465) Importer(815301076,1909f56bfc062723c751e8b465ee728b)
Start importing Assets/PyroParticles/Prefab/Audio/FireExplosion8.ogg using Guid(3bbe242bc37c8614fbe02c843ed5b465) Importer(815301076,1909f56bfc062723c751e8b465ee728b)  -> (artifact id: 'cdaecd475e097e9e0b3811f0657d7063') in 0.001377 seconds
Number of updated asset objects reloaded before import = 0
Number of asset objects unloaded after import = 1
========================================================================
Received Import Request.
  Time since last request: 0.000020 seconds.
  path: Assets/PyroParticles/Prefab/Textures/FireParticleCloudBlack.png
  artifactKey: Guid(830884c18cf5e7a4895ee02c2dcd8e12) Importer(815301076,1909f56bfc062723c751e8b465ee728b)
Start importing Assets/PyroParticles/Prefab/Textures/FireParticleCloudBlack.png using Guid(830884c18cf5e7a4895ee02c2dcd8e12) Importer(815301076,1909f56bfc062723c751e8b465ee728b)  -> (artifact id: 'ec28e99f737178f1a7e126dfdb738ddb') in 0.001643 seconds
Number of updated asset objects reloaded before import = 0
Number of asset objects unloaded after import = 1
========================================================================
Received Import Request.
  Time since last request: 0.000023 seconds.
  path: Assets/PyroParticles/Prefab/Audio/FireExplosion3.ogg
  artifactKey: Guid(83a3d45944f24b647a973099cc6fb1d3) Importer(815301076,1909f56bfc062723c751e8b465ee728b)
Start importing Assets/PyroParticles/Prefab/Audio/FireExplosion3.ogg using Guid(83a3d45944f24b647a973099cc6fb1d3) Importer(815301076,1909f56bfc062723c751e8b465ee728b)  -> (artifact id: 'df0a45770b917738257c93fa681339e4') in 0.001538 seconds
Number of updated asset objects reloaded before import = 0
Number of asset objects unloaded after import = 1
========================================================================
Received Import Request.
  Time since last request: 0.000022 seconds.
  path: Assets/PyroParticles/Prefab/Materials/FireParticleMeteor2Material.mat
  artifactKey: Guid(06bcc524020473946802a42e97a47794) Importer(815301076,1909f56bfc062723c751e8b465ee728b)
Start importing Assets/PyroParticles/Prefab/Materials/FireParticleMeteor2Material.mat using Guid(06bcc524020473946802a42e97a47794) Importer(815301076,1909f56bfc062723c751e8b465ee728b)  -> (artifact id: 'd3e1a34b52747df41f7bfc63c827fee0') in 0.001288 seconds
Number of updated asset objects reloaded before import = 0
Number of asset objects unloaded after import = 1
========================================================================
Received Import Request.
  Time since last request: 0.000018 seconds.
  path: Assets/PyroParticles/Prefab/Materials/FireParticleMeteor3Material.mat
  artifactKey: Guid(3a0fd5be2a3fcea46aeeee98d9790939) Importer(815301076,1909f56bfc062723c751e8b465ee728b)
Start importing Assets/PyroParticles/Prefab/Materials/FireParticleMeteor3Material.mat using Guid(3a0fd5be2a3fcea46aeeee98d9790939) Importer(815301076,1909f56bfc062723c751e8b465ee728b)  -> (artifact id: '1e6c92e63ae68cb3d6e6ca34cb1805a2') in 0.001432 seconds
Number of updated asset objects reloaded before import = 0
Number of asset objects unloaded after import = 1
========================================================================
Received Import Request.
  Time since last request: 8.926977 seconds.
  path: Assets/PyroParticles/Readme.txt
  artifactKey: Guid(19d985791f809cd4cb7d99e9e7f62f16) Importer(815301076,1909f56bfc062723c751e8b465ee728b)
Start importing Assets/PyroParticles/Readme.txt using Guid(19d985791f809cd4cb7d99e9e7f62f16) Importer(815301076,1909f56bfc062723c751e8b465ee728b)  -> (artifact id: '0f69c09b3ed7cc5e970a0acbd5851141') in 0.001229 seconds
Number of updated asset objects reloaded before import = 0
Number of asset objects unloaded after import = 1
