Using pre-set license
Built from '2022.3/staging' branch; Version is '2022.3.4f1 (35713cd46cd7) revision 3502396'; Using compiler version '192829333'; Build Type 'Release'
OS: 'Windows 10  (10.0.19045) 64bit Professional' Language: 'sr' Physical Memory: 32677 MB
BatchMode: 1, IsHumanControllingUs: 0, StartBugReporterOnCrash: 0, Is64bit: 1, IsPro: 1

COMMAND LINE ARGUMENTS:
E:\Unity Installs\2022.3.4f1\Editor\Unity.exe
-adb2
-batchMode
-noUpm
-name
AssetImportWorker10
-projectPath
E:/Unity Projects/A-Week-To-Survive/A-Week-To-Survive
-logFile
Logs/AssetImportWorker10.log
-srvPort
54403
Successfully changed project path to: E:/Unity Projects/A-Week-To-Survive/A-Week-To-Survive
E:/Unity Projects/A-Week-To-Survive/A-Week-To-Survive
[UnityMemory] Configuration Parameters - Can be set up in boot.config
    "memorysetup-bucket-allocator-granularity=16"
    "memorysetup-bucket-allocator-bucket-count=8"
    "memorysetup-bucket-allocator-block-size=33554432"
    "memorysetup-bucket-allocator-block-count=8"
    "memorysetup-main-allocator-block-size=16777216"
    "memorysetup-thread-allocator-block-size=16777216"
    "memorysetup-gfx-main-allocator-block-size=16777216"
    "memorysetup-gfx-thread-allocator-block-size=16777216"
    "memorysetup-cache-allocator-block-size=4194304"
    "memorysetup-typetree-allocator-block-size=2097152"
    "memorysetup-profiler-bucket-allocator-granularity=16"
    "memorysetup-profiler-bucket-allocator-bucket-count=8"
    "memorysetup-profiler-bucket-allocator-block-size=33554432"
    "memorysetup-profiler-bucket-allocator-block-count=8"
    "memorysetup-profiler-allocator-block-size=16777216"
    "memorysetup-profiler-editor-allocator-block-size=1048576"
    "memorysetup-temp-allocator-size-main=16777216"
    "memorysetup-job-temp-allocator-block-size=2097152"
    "memorysetup-job-temp-allocator-block-size-background=1048576"
    "memorysetup-job-temp-allocator-reduction-small-platforms=262144"
    "memorysetup-allocator-temp-initial-block-size-main=262144"
    "memorysetup-allocator-temp-initial-block-size-worker=262144"
    "memorysetup-temp-allocator-size-background-worker=32768"
    "memorysetup-temp-allocator-size-job-worker=262144"
    "memorysetup-temp-allocator-size-preload-manager=33554432"
    "memorysetup-temp-allocator-size-nav-mesh-worker=65536"
    "memorysetup-temp-allocator-size-audio-worker=65536"
    "memorysetup-temp-allocator-size-cloud-worker=32768"
    "memorysetup-temp-allocator-size-gi-baking-worker=262144"
    "memorysetup-temp-allocator-size-gfx=262144"
Player connection [15576] Host "[IP] 192.168.1.104 [Port] 0 [Flags] 2 [Guid] 2033671924 [EditorId] 2033671924 [Version] 1048832 [Id] WindowsEditor(7,DESKTOP-82JGJFI) [Debug] 1 [PackageName] WindowsEditor [ProjectName] Editor" joined multi-casting on [225.0.0.222:54997]...

Player connection [15576] Host "[IP] 192.168.1.104 [Port] 0 [Flags] 2 [Guid] 2033671924 [EditorId] 2033671924 [Version] 1048832 [Id] WindowsEditor(7,DESKTOP-82JGJFI) [Debug] 1 [PackageName] WindowsEditor [ProjectName] Editor" joined alternative multi-casting on [225.0.0.222:34997]...

Refreshing native plugins compatible for Editor in 11.05 ms, found 2 plugins.
Preloading 0 native plugins for Editor in 0.00 ms.
Initialize engine version: 2022.3.4f1 (35713cd46cd7)
[Subsystems] Discovering subsystems at path E:/Unity Installs/2022.3.4f1/Editor/Data/Resources/UnitySubsystems
[Subsystems] Discovering subsystems at path E:/Unity Projects/A-Week-To-Survive/A-Week-To-Survive/Assets
GfxDevice: creating device client; threaded=0; jobified=0
Direct3D:
    Version:  Direct3D 11.0 [level 11.1]
    Renderer: NVIDIA GeForce RTX 3070 (ID=0x2484)
    Vendor:   NVIDIA
    VRAM:     8031 MB
    Driver:   31.0.15.3699
Initialize mono
Mono path[0] = 'E:/Unity Installs/2022.3.4f1/Editor/Data/Managed'
Mono path[1] = 'E:/Unity Installs/2022.3.4f1/Editor/Data/MonoBleedingEdge/lib/mono/unityjit-win32'
Mono config path = 'E:/Unity Installs/2022.3.4f1/Editor/Data/MonoBleedingEdge/etc'
Using monoOptions --debugger-agent=transport=dt_socket,embedding=1,server=y,suspend=n,address=127.0.0.1:56100
Begin MonoManager ReloadAssembly
Registering precompiled unity dll's ...
Register platform support module: E:/Unity Installs/2022.3.4f1/Editor/Data/PlaybackEngines/WindowsStandaloneSupport/UnityEditor.WindowsStandalone.Extensions.dll
Registered in 0.005516 seconds.
- Loaded All Assemblies, in  0.447 seconds
Native extension for WindowsStandalone target not found
Mono: successfully reloaded assembly
- Finished resetting the current domain, in  0.357 seconds
Domain Reload Profiling: 804ms
	BeginReloadAssembly (138ms)
		ExecutionOrderSort (0ms)
		DisableScriptedObjects (0ms)
		BackupInstance (0ms)
		ReleaseScriptingObjects (0ms)
		CreateAndSetChildDomain (1ms)
	RebuildCommonClasses (47ms)
	RebuildNativeTypeToScriptingClass (15ms)
	initialDomainReloadingComplete (67ms)
	LoadAllAssembliesAndSetupDomain (180ms)
		LoadAssemblies (137ms)
		RebuildTransferFunctionScriptingTraits (0ms)
		AnalyzeDomain (176ms)
			TypeCache.Refresh (175ms)
				TypeCache.ScanAssembly (160ms)
			ScanForSourceGeneratedMonoScriptInfo (0ms)
			ResolveRequiredComponents (1ms)
	FinalizeReload (357ms)
		ReleaseScriptCaches (0ms)
		RebuildScriptCaches (0ms)
		SetupLoadedEditorAssemblies (282ms)
			LogAssemblyErrors (0ms)
			InitializePlatformSupportModulesInManaged (11ms)
			SetLoadedEditorAssemblies (10ms)
			RefreshPlugins (0ms)
			BeforeProcessingInitializeOnLoad (3ms)
			ProcessInitializeOnLoadAttributes (194ms)
			ProcessInitializeOnLoadMethodAttributes (65ms)
			AfterProcessingInitializeOnLoad (0ms)
			EditorAssembliesLoaded (0ms)
		ExecutionOrderSort2 (0ms)
		AwakeInstancesAfterBackupRestoration (0ms)
========================================================================
Worker process is ready to serve import requests
Begin MonoManager ReloadAssembly
- Loaded All Assemblies, in  0.914 seconds
Refreshing native plugins compatible for Editor in 4.35 ms, found 2 plugins.
Native extension for WindowsStandalone target not found
Mono: successfully reloaded assembly
- Finished resetting the current domain, in  0.787 seconds
Domain Reload Profiling: 1701ms
	BeginReloadAssembly (189ms)
		ExecutionOrderSort (0ms)
		DisableScriptedObjects (8ms)
		BackupInstance (0ms)
		ReleaseScriptingObjects (0ms)
		CreateAndSetChildDomain (23ms)
	RebuildCommonClasses (49ms)
	RebuildNativeTypeToScriptingClass (14ms)
	initialDomainReloadingComplete (58ms)
	LoadAllAssembliesAndSetupDomain (603ms)
		LoadAssemblies (349ms)
		RebuildTransferFunctionScriptingTraits (0ms)
		AnalyzeDomain (362ms)
			TypeCache.Refresh (321ms)
				TypeCache.ScanAssembly (301ms)
			ScanForSourceGeneratedMonoScriptInfo (24ms)
			ResolveRequiredComponents (17ms)
	FinalizeReload (788ms)
		ReleaseScriptCaches (0ms)
		RebuildScriptCaches (0ms)
		SetupLoadedEditorAssemblies (570ms)
			LogAssemblyErrors (0ms)
			InitializePlatformSupportModulesInManaged (6ms)
			SetLoadedEditorAssemblies (6ms)
			RefreshPlugins (0ms)
			BeforeProcessingInitializeOnLoad (82ms)
			ProcessInitializeOnLoadAttributes (383ms)
			ProcessInitializeOnLoadMethodAttributes (91ms)
			AfterProcessingInitializeOnLoad (4ms)
			EditorAssembliesLoaded (0ms)
		ExecutionOrderSort2 (0ms)
		AwakeInstancesAfterBackupRestoration (7ms)
Launched and connected shader compiler UnityShaderCompiler.exe after 0.09 seconds
Refreshing native plugins compatible for Editor in 4.00 ms, found 2 plugins.
Preloading 0 native plugins for Editor in 0.00 ms.
Unloading 3673 Unused Serialized files (Serialized files now loaded: 0)
Unloading 72 unused Assets / (389.4 KB). Loaded Objects now: 4196.
Memory consumption went from 277.4 MB to 277.0 MB.
Total: 4.317100 ms (FindLiveObjects: 0.352500 ms CreateObjectMapping: 0.108700 ms MarkObjects: 3.659600 ms  DeleteObjects: 0.195200 ms)

AssetImportParameters requested are different than current active one (requested -> active):
  custom:scripting/monoscript/fileName/MeteorSwarmScript.cs: 6ff54a634458dc66ead70ae5cbf2d1f2 -> 
  custom:scripting/monoscript/fileName/MirrorScript.cs: 44052d1a0179586d55e7d767cc7a7a95 -> 
  custom:container-demuxer-ogg: 62fdf1f143b41e24485cea50d1cbac27 -> 
  custom:scripting/monoscript/fileName/DemoScriptEditor.cs: daa0f2afa10d0b68293ad03f8632aaf3 -> 
  custom:scripting/monoscript/fileName/FireLightScript.cs: 48b9ad2a0b905afbfc70dab1787c7e86 -> 
  custom:video-decoder-ogg-theora: a1e56fd34408186e4bbccfd4996cb3dc -> 
  custom:framework-win-MediaFoundation: 216162199b28c13a410421893ffa2e32 -> 
  custom:CustomObjectIndexerAttribute: a3ef5dd2817f97addfee359851a9dba5 -> 
  custom:scripting/monoscript/fileName/DemoScript.cs: f70453e08119ca95f5f1a4f0dfab36aa -> 
  custom:container-demuxer-webm: 4f35f7cbe854078d1ac9338744f61a02 -> 
  custom:scripting/monoscript/fileName/SingleLineAttribute.cs: 4dfb29cf7aa5358eaec0c143035397cf -> 
  custom:container-muxer-webm: aa71ff27fc2769a1b78a27578f13a17b -> 
  custom:scripting/monoscript/fileName/MagicMirrorEditor.cs: 3393f15e175068bb2f2d0dfad69056a8 -> 
  custom:video-decoder-webm-vp8: 9c59270c3fd7afecdb556c50c9e8de78 -> 
  custom:scripting/monoscript/fileName/FireProjectileScript.cs: 2d281eee371f58c844d02f3a89ab4d27 -> 
  custom:scripting/monoscript/fileName/MirrorReflectionScript.cs: 4a01c0ba6ef4a66caa3df582311292e9 -> 
  custom:AudioImporter_EditorPlatform: d09bf68614088b80899f8185d706f6e7 -> 
  custom:scripting/monoscript/fileName/FireBaseScript.cs: 40eaa57b8558acc0d7541c966bf350e1 -> 
  custom:scripting/monoscript/fileName/FireConstantBaseScript.cs: 5e73485e03e1ad5c36c0de233555db46 -> 
  custom:scripting/monoscript/fileName/PyroParticlesEditor.cs: fee59225a15cfc1f239b8cceea91e420 -> 
  custom:scripting/monoscript/fileName/MirrorCameraScript.cs: 29fe08a1b4fe7d8d1af72655ae895e63 -> 
  custom:video-encoder-webm-vp8: eb34c28f22e8b96e1ab97ce403110664 -> 
  custom:audio-decoder-ogg-vorbis: bf7c407c2cedff20999df2af8eb42d56 -> 
  custom:scripting/monoscript/fileName/FireCollisionForwardScript.cs: 304e3b05ac7796692d6a091f1e220ef2 -> 
  custom:audio-encoder-webm-vorbis: bf7c407c2cedff20999df2af8eb42d56 -> 
========================================================================
Received Import Request.
  Time since last request: 1719468.367201 seconds.
  path: Assets/MY MODELS/warpig/Warpig/Warpig.FBX
  artifactKey: Guid(dac98de4568dde740879a857460c0e29) Importer(815301076,1909f56bfc062723c751e8b465ee728b)
Start importing Assets/MY MODELS/warpig/Warpig/Warpig.FBX using Guid(dac98de4568dde740879a857460c0e29) Importer(815301076,1909f56bfc062723c751e8b465ee728b)  -> (artifact id: '682e0604b7e2ef90e4dc5e734c78f74f') in 0.014735 seconds
Number of updated asset objects reloaded before import = 0
Number of asset objects unloaded after import = 139
========================================================================
Received Import Request.
  Time since last request: 5.528841 seconds.
  path: Assets/MY MODELS/warpig/Warpig/Warpig.FBX
  artifactKey: Guid(dac98de4568dde740879a857460c0e29) Importer(815301076,1909f56bfc062723c751e8b465ee728b)
Start importing Assets/MY MODELS/warpig/Warpig/Warpig.FBX using Guid(dac98de4568dde740879a857460c0e29) Importer(815301076,1909f56bfc062723c751e8b465ee728b)  -> (artifact id: '5db86d886b037b372c8c2bf45144ccd6') in 0.004573 seconds
Number of updated asset objects reloaded before import = 0
Number of asset objects unloaded after import = 141
========================================================================
Received Prepare
Begin MonoManager ReloadAssembly
- Loaded All Assemblies, in  1.114 seconds
Refreshing native plugins compatible for Editor in 3.67 ms, found 2 plugins.
Native extension for WindowsStandalone target not found
Mono: successfully reloaded assembly
- Finished resetting the current domain, in  1.315 seconds
Domain Reload Profiling: 2428ms
	BeginReloadAssembly (320ms)
		ExecutionOrderSort (0ms)
		DisableScriptedObjects (17ms)
		BackupInstance (0ms)
		ReleaseScriptingObjects (0ms)
		CreateAndSetChildDomain (111ms)
	RebuildCommonClasses (50ms)
	RebuildNativeTypeToScriptingClass (16ms)
	initialDomainReloadingComplete (37ms)
	LoadAllAssembliesAndSetupDomain (691ms)
		LoadAssemblies (489ms)
		RebuildTransferFunctionScriptingTraits (0ms)
		AnalyzeDomain (331ms)
			TypeCache.Refresh (319ms)
				TypeCache.ScanAssembly (288ms)
			ScanForSourceGeneratedMonoScriptInfo (0ms)
			ResolveRequiredComponents (12ms)
	FinalizeReload (1315ms)
		ReleaseScriptCaches (0ms)
		RebuildScriptCaches (0ms)
		SetupLoadedEditorAssemblies (553ms)
			LogAssemblyErrors (0ms)
			InitializePlatformSupportModulesInManaged (7ms)
			SetLoadedEditorAssemblies (4ms)
			RefreshPlugins (0ms)
			BeforeProcessingInitializeOnLoad (76ms)
			ProcessInitializeOnLoadAttributes (376ms)
			ProcessInitializeOnLoadMethodAttributes (86ms)
			AfterProcessingInitializeOnLoad (4ms)
			EditorAssembliesLoaded (0ms)
		ExecutionOrderSort2 (0ms)
		AwakeInstancesAfterBackupRestoration (21ms)
Refreshing native plugins compatible for Editor in 3.86 ms, found 2 plugins.
Preloading 0 native plugins for Editor in 0.00 ms.
Unloading 3488 Unused Serialized files (Serialized files now loaded: 0)
Unloading 39 unused Assets / (387.7 KB). Loaded Objects now: 4213.
Memory consumption went from 241.8 MB to 241.5 MB.
Total: 5.399800 ms (FindLiveObjects: 0.362900 ms CreateObjectMapping: 0.105300 ms MarkObjects: 4.627700 ms  DeleteObjects: 0.302700 ms)

Prepare: number of updated asset objects reloaded= 0
AssetImportParameters requested are different than current active one (requested -> active):
  custom:scripting/monoscript/fileName/MeteorSwarmScript.cs: 6ff54a634458dc66ead70ae5cbf2d1f2 -> 
  custom:scripting/monoscript/fileName/MirrorScript.cs: 44052d1a0179586d55e7d767cc7a7a95 -> 
  custom:container-demuxer-ogg: 62fdf1f143b41e24485cea50d1cbac27 -> 
  custom:scripting/monoscript/fileName/DemoScriptEditor.cs: daa0f2afa10d0b68293ad03f8632aaf3 -> 
  custom:scripting/monoscript/fileName/FireLightScript.cs: 48b9ad2a0b905afbfc70dab1787c7e86 -> 
  custom:video-decoder-ogg-theora: a1e56fd34408186e4bbccfd4996cb3dc -> 
  custom:framework-win-MediaFoundation: 216162199b28c13a410421893ffa2e32 -> 
  custom:CustomObjectIndexerAttribute: a3ef5dd2817f97addfee359851a9dba5 -> 
  custom:scripting/monoscript/fileName/DemoScript.cs: f70453e08119ca95f5f1a4f0dfab36aa -> 
  custom:container-demuxer-webm: 4f35f7cbe854078d1ac9338744f61a02 -> 
  custom:scripting/monoscript/fileName/SingleLineAttribute.cs: 4dfb29cf7aa5358eaec0c143035397cf -> 
  custom:container-muxer-webm: aa71ff27fc2769a1b78a27578f13a17b -> 
  custom:scripting/monoscript/fileName/MagicMirrorEditor.cs: 3393f15e175068bb2f2d0dfad69056a8 -> 
  custom:video-decoder-webm-vp8: 9c59270c3fd7afecdb556c50c9e8de78 -> 
  custom:scripting/monoscript/fileName/FireProjectileScript.cs: 2d281eee371f58c844d02f3a89ab4d27 -> 
  custom:scripting/monoscript/fileName/MirrorReflectionScript.cs: 4a01c0ba6ef4a66caa3df582311292e9 -> 
  custom:AudioImporter_EditorPlatform: d09bf68614088b80899f8185d706f6e7 -> 
  custom:scripting/monoscript/fileName/FireBaseScript.cs: 40eaa57b8558acc0d7541c966bf350e1 -> 
  custom:scripting/monoscript/fileName/FireConstantBaseScript.cs: 5e73485e03e1ad5c36c0de233555db46 -> 
  custom:scripting/monoscript/fileName/PyroParticlesEditor.cs: fee59225a15cfc1f239b8cceea91e420 -> 
  custom:scripting/monoscript/fileName/MirrorCameraScript.cs: 29fe08a1b4fe7d8d1af72655ae895e63 -> 
  custom:video-encoder-webm-vp8: eb34c28f22e8b96e1ab97ce403110664 -> 
  custom:audio-decoder-ogg-vorbis: bf7c407c2cedff20999df2af8eb42d56 -> 
  custom:scripting/monoscript/fileName/FireCollisionForwardScript.cs: 304e3b05ac7796692d6a091f1e220ef2 -> 
  custom:audio-encoder-webm-vorbis: bf7c407c2cedff20999df2af8eb42d56 -> 
========================================================================
Received Prepare
Begin MonoManager ReloadAssembly
- Loaded All Assemblies, in  0.804 seconds
Refreshing native plugins compatible for Editor in 3.88 ms, found 2 plugins.
Native extension for WindowsStandalone target not found
Mono: successfully reloaded assembly
- Finished resetting the current domain, in  1.188 seconds
Domain Reload Profiling: 1991ms
	BeginReloadAssembly (189ms)
		ExecutionOrderSort (0ms)
		DisableScriptedObjects (7ms)
		BackupInstance (0ms)
		ReleaseScriptingObjects (0ms)
		CreateAndSetChildDomain (43ms)
	RebuildCommonClasses (43ms)
	RebuildNativeTypeToScriptingClass (14ms)
	initialDomainReloadingComplete (33ms)
	LoadAllAssembliesAndSetupDomain (524ms)
		LoadAssemblies (326ms)
		RebuildTransferFunctionScriptingTraits (0ms)
		AnalyzeDomain (299ms)
			TypeCache.Refresh (286ms)
				TypeCache.ScanAssembly (270ms)
			ScanForSourceGeneratedMonoScriptInfo (0ms)
			ResolveRequiredComponents (13ms)
	FinalizeReload (1188ms)
		ReleaseScriptCaches (0ms)
		RebuildScriptCaches (0ms)
		SetupLoadedEditorAssemblies (516ms)
			LogAssemblyErrors (0ms)
			InitializePlatformSupportModulesInManaged (5ms)
			SetLoadedEditorAssemblies (4ms)
			RefreshPlugins (0ms)
			BeforeProcessingInitializeOnLoad (76ms)
			ProcessInitializeOnLoadAttributes (347ms)
			ProcessInitializeOnLoadMethodAttributes (80ms)
			AfterProcessingInitializeOnLoad (4ms)
			EditorAssembliesLoaded (0ms)
		ExecutionOrderSort2 (0ms)
		AwakeInstancesAfterBackupRestoration (25ms)
Refreshing native plugins compatible for Editor in 3.85 ms, found 2 plugins.
Preloading 0 native plugins for Editor in 0.00 ms.
Unloading 3488 Unused Serialized files (Serialized files now loaded: 0)
Unloading 39 unused Assets / (387.9 KB). Loaded Objects now: 4229.
Memory consumption went from 241.9 MB to 241.5 MB.
Total: 4.097800 ms (FindLiveObjects: 0.341000 ms CreateObjectMapping: 0.106200 ms MarkObjects: 3.491900 ms  DeleteObjects: 0.157400 ms)

Prepare: number of updated asset objects reloaded= 0
AssetImportParameters requested are different than current active one (requested -> active):
  custom:scripting/monoscript/fileName/MeteorSwarmScript.cs: 6ff54a634458dc66ead70ae5cbf2d1f2 -> 
  custom:scripting/monoscript/fileName/MirrorScript.cs: 44052d1a0179586d55e7d767cc7a7a95 -> 
  custom:container-demuxer-ogg: 62fdf1f143b41e24485cea50d1cbac27 -> 
  custom:scripting/monoscript/fileName/DemoScriptEditor.cs: daa0f2afa10d0b68293ad03f8632aaf3 -> 
  custom:scripting/monoscript/fileName/FireLightScript.cs: 48b9ad2a0b905afbfc70dab1787c7e86 -> 
  custom:video-decoder-ogg-theora: a1e56fd34408186e4bbccfd4996cb3dc -> 
  custom:framework-win-MediaFoundation: 216162199b28c13a410421893ffa2e32 -> 
  custom:CustomObjectIndexerAttribute: a3ef5dd2817f97addfee359851a9dba5 -> 
  custom:scripting/monoscript/fileName/DemoScript.cs: f70453e08119ca95f5f1a4f0dfab36aa -> 
  custom:container-demuxer-webm: 4f35f7cbe854078d1ac9338744f61a02 -> 
  custom:scripting/monoscript/fileName/SingleLineAttribute.cs: 4dfb29cf7aa5358eaec0c143035397cf -> 
  custom:container-muxer-webm: aa71ff27fc2769a1b78a27578f13a17b -> 
  custom:scripting/monoscript/fileName/MagicMirrorEditor.cs: 3393f15e175068bb2f2d0dfad69056a8 -> 
  custom:video-decoder-webm-vp8: 9c59270c3fd7afecdb556c50c9e8de78 -> 
  custom:scripting/monoscript/fileName/FireProjectileScript.cs: 2d281eee371f58c844d02f3a89ab4d27 -> 
  custom:scripting/monoscript/fileName/MirrorReflectionScript.cs: 4a01c0ba6ef4a66caa3df582311292e9 -> 
  custom:AudioImporter_EditorPlatform: d09bf68614088b80899f8185d706f6e7 -> 
  custom:scripting/monoscript/fileName/FireBaseScript.cs: 40eaa57b8558acc0d7541c966bf350e1 -> 
  custom:scripting/monoscript/fileName/FireConstantBaseScript.cs: 5e73485e03e1ad5c36c0de233555db46 -> 
  custom:scripting/monoscript/fileName/PyroParticlesEditor.cs: fee59225a15cfc1f239b8cceea91e420 -> 
  custom:scripting/monoscript/fileName/MirrorCameraScript.cs: 29fe08a1b4fe7d8d1af72655ae895e63 -> 
  custom:video-encoder-webm-vp8: eb34c28f22e8b96e1ab97ce403110664 -> 
  custom:audio-decoder-ogg-vorbis: bf7c407c2cedff20999df2af8eb42d56 -> 
  custom:scripting/monoscript/fileName/FireCollisionForwardScript.cs: 304e3b05ac7796692d6a091f1e220ef2 -> 
  custom:audio-encoder-webm-vorbis: bf7c407c2cedff20999df2af8eb42d56 -> 
========================================================================
Received Prepare
Begin MonoManager ReloadAssembly
- Loaded All Assemblies, in  0.772 seconds
Refreshing native plugins compatible for Editor in 3.60 ms, found 2 plugins.
Native extension for WindowsStandalone target not found
Mono: successfully reloaded assembly
- Finished resetting the current domain, in  1.198 seconds
Domain Reload Profiling: 1969ms
	BeginReloadAssembly (181ms)
		ExecutionOrderSort (0ms)
		DisableScriptedObjects (7ms)
		BackupInstance (0ms)
		ReleaseScriptingObjects (0ms)
		CreateAndSetChildDomain (39ms)
	RebuildCommonClasses (43ms)
	RebuildNativeTypeToScriptingClass (16ms)
	initialDomainReloadingComplete (32ms)
	LoadAllAssembliesAndSetupDomain (497ms)
		LoadAssemblies (308ms)
		RebuildTransferFunctionScriptingTraits (0ms)
		AnalyzeDomain (290ms)
			TypeCache.Refresh (278ms)
				TypeCache.ScanAssembly (262ms)
			ScanForSourceGeneratedMonoScriptInfo (0ms)
			ResolveRequiredComponents (12ms)
	FinalizeReload (1198ms)
		ReleaseScriptCaches (0ms)
		RebuildScriptCaches (0ms)
		SetupLoadedEditorAssemblies (515ms)
			LogAssemblyErrors (0ms)
			InitializePlatformSupportModulesInManaged (6ms)
			SetLoadedEditorAssemblies (4ms)
			RefreshPlugins (0ms)
			BeforeProcessingInitializeOnLoad (74ms)
			ProcessInitializeOnLoadAttributes (351ms)
			ProcessInitializeOnLoadMethodAttributes (77ms)
			AfterProcessingInitializeOnLoad (4ms)
			EditorAssembliesLoaded (0ms)
		ExecutionOrderSort2 (0ms)
		AwakeInstancesAfterBackupRestoration (22ms)
Refreshing native plugins compatible for Editor in 3.82 ms, found 2 plugins.
Preloading 0 native plugins for Editor in 0.00 ms.
Unloading 3488 Unused Serialized files (Serialized files now loaded: 0)
Unloading 39 unused Assets / (388.0 KB). Loaded Objects now: 4245.
Memory consumption went from 241.9 MB to 241.5 MB.
Total: 3.864400 ms (FindLiveObjects: 0.360800 ms CreateObjectMapping: 0.149900 ms MarkObjects: 3.220100 ms  DeleteObjects: 0.132600 ms)

Prepare: number of updated asset objects reloaded= 0
AssetImportParameters requested are different than current active one (requested -> active):
  custom:scripting/monoscript/fileName/MeteorSwarmScript.cs: 6ff54a634458dc66ead70ae5cbf2d1f2 -> 
  custom:scripting/monoscript/fileName/MirrorScript.cs: 44052d1a0179586d55e7d767cc7a7a95 -> 
  custom:container-demuxer-ogg: 62fdf1f143b41e24485cea50d1cbac27 -> 
  custom:scripting/monoscript/fileName/DemoScriptEditor.cs: daa0f2afa10d0b68293ad03f8632aaf3 -> 
  custom:scripting/monoscript/fileName/FireLightScript.cs: 48b9ad2a0b905afbfc70dab1787c7e86 -> 
  custom:video-decoder-ogg-theora: a1e56fd34408186e4bbccfd4996cb3dc -> 
  custom:framework-win-MediaFoundation: 216162199b28c13a410421893ffa2e32 -> 
  custom:CustomObjectIndexerAttribute: a3ef5dd2817f97addfee359851a9dba5 -> 
  custom:scripting/monoscript/fileName/DemoScript.cs: f70453e08119ca95f5f1a4f0dfab36aa -> 
  custom:container-demuxer-webm: 4f35f7cbe854078d1ac9338744f61a02 -> 
  custom:scripting/monoscript/fileName/SingleLineAttribute.cs: 4dfb29cf7aa5358eaec0c143035397cf -> 
  custom:container-muxer-webm: aa71ff27fc2769a1b78a27578f13a17b -> 
  custom:scripting/monoscript/fileName/MagicMirrorEditor.cs: 3393f15e175068bb2f2d0dfad69056a8 -> 
  custom:video-decoder-webm-vp8: 9c59270c3fd7afecdb556c50c9e8de78 -> 
  custom:scripting/monoscript/fileName/FireProjectileScript.cs: 2d281eee371f58c844d02f3a89ab4d27 -> 
  custom:scripting/monoscript/fileName/MirrorReflectionScript.cs: 4a01c0ba6ef4a66caa3df582311292e9 -> 
  custom:AudioImporter_EditorPlatform: d09bf68614088b80899f8185d706f6e7 -> 
  custom:scripting/monoscript/fileName/FireBaseScript.cs: 40eaa57b8558acc0d7541c966bf350e1 -> 
  custom:scripting/monoscript/fileName/FireConstantBaseScript.cs: 5e73485e03e1ad5c36c0de233555db46 -> 
  custom:scripting/monoscript/fileName/PyroParticlesEditor.cs: fee59225a15cfc1f239b8cceea91e420 -> 
  custom:scripting/monoscript/fileName/MirrorCameraScript.cs: 29fe08a1b4fe7d8d1af72655ae895e63 -> 
  custom:video-encoder-webm-vp8: eb34c28f22e8b96e1ab97ce403110664 -> 
  custom:audio-decoder-ogg-vorbis: bf7c407c2cedff20999df2af8eb42d56 -> 
  custom:scripting/monoscript/fileName/FireCollisionForwardScript.cs: 304e3b05ac7796692d6a091f1e220ef2 -> 
  custom:audio-encoder-webm-vorbis: bf7c407c2cedff20999df2af8eb42d56 -> 
========================================================================
Received Import Request.
  Time since last request: 19895.608808 seconds.
  path: Assets/MyPrefabs/PlayerPrefabs/EmptyHands.prefab
  artifactKey: Guid(c69a9ff179dd4b944a2c3d6613c08055) Importer(815301076,1909f56bfc062723c751e8b465ee728b)
Start importing Assets/MyPrefabs/PlayerPrefabs/EmptyHands.prefab using Guid(c69a9ff179dd4b944a2c3d6613c08055) Importer(815301076,1909f56bfc062723c751e8b465ee728b)  -> (artifact id: '84826ac20788ace76d000d141e121b20') in 0.104280 seconds
Number of updated asset objects reloaded before import = 0
Number of asset objects unloaded after import = 99
========================================================================
Received Import Request.
  Time since last request: 0.476709 seconds.
  path: Assets/MyPrefabs/PlayerPrefabs/Player.prefab
  artifactKey: Guid(8e8804e9382591d4a9d06c64dd138e25) Importer(815301076,1909f56bfc062723c751e8b465ee728b)
Start importing Assets/MyPrefabs/PlayerPrefabs/Player.prefab using Guid(8e8804e9382591d4a9d06c64dd138e25) Importer(815301076,1909f56bfc062723c751e8b465ee728b)  -> (artifact id: 'edabc6680d3a362e1711896e15a0efaa') in 0.035750 seconds
Number of updated asset objects reloaded before import = 0
Number of asset objects unloaded after import = 196
========================================================================
Received Import Request.
  Time since last request: 20.790682 seconds.
  path: Assets/MyPrefabs/Characters/Remi.fbx
  artifactKey: Guid(7fb312fe82e577c40bb429e365ca6ad6) Importer(815301076,1909f56bfc062723c751e8b465ee728b)
Start importing Assets/MyPrefabs/Characters/Remi.fbx using Guid(7fb312fe82e577c40bb429e365ca6ad6) Importer(815301076,1909f56bfc062723c751e8b465ee728b)  -> (artifact id: '677cc141da09516a9aafb77bd2a66cf7') in 0.021900 seconds
Number of updated asset objects reloaded before import = 0
Number of asset objects unloaded after import = 174
========================================================================
Received Import Request.
  Time since last request: 1.236273 seconds.
  path: Assets/MyPrefabs/Characters/Inspecting.controller
  artifactKey: Guid(69c13af85c9d4e8499a78d2649c7f389) Importer(815301076,1909f56bfc062723c751e8b465ee728b)
Start importing Assets/MyPrefabs/Characters/Inspecting.controller using Guid(69c13af85c9d4e8499a78d2649c7f389) Importer(815301076,1909f56bfc062723c751e8b465ee728b)  -> (artifact id: '155c082591062da72e13857ccba940aa') in 0.002400 seconds
Number of updated asset objects reloaded before import = 0
Number of asset objects unloaded after import = 2
========================================================================
Received Import Request.
  Time since last request: 4.398361 seconds.
  path: Assets/MyPrefabs/Characters/Remi_Controller.controller
  artifactKey: Guid(69c13af85c9d4e8499a78d2649c7f389) Importer(815301076,1909f56bfc062723c751e8b465ee728b)
Start importing Assets/MyPrefabs/Characters/Remi_Controller.controller using Guid(69c13af85c9d4e8499a78d2649c7f389) Importer(815301076,1909f56bfc062723c751e8b465ee728b)  -> (artifact id: 'a497fd6a215017ad8568f9bf2a7e9498') in 0.001176 seconds
Number of updated asset objects reloaded before import = 0
Number of asset objects unloaded after import = 2
========================================================================
Received Prepare
Begin MonoManager ReloadAssembly
- Loaded All Assemblies, in  0.801 seconds
Refreshing native plugins compatible for Editor in 5.15 ms, found 2 plugins.
Native extension for WindowsStandalone target not found
Mono: successfully reloaded assembly
- Finished resetting the current domain, in  1.234 seconds
Domain Reload Profiling: 2035ms
	BeginReloadAssembly (192ms)
		ExecutionOrderSort (0ms)
		DisableScriptedObjects (7ms)
		BackupInstance (0ms)
		ReleaseScriptingObjects (0ms)
		CreateAndSetChildDomain (43ms)
	RebuildCommonClasses (46ms)
	RebuildNativeTypeToScriptingClass (15ms)
	initialDomainReloadingComplete (34ms)
	LoadAllAssembliesAndSetupDomain (514ms)
		LoadAssemblies (316ms)
		RebuildTransferFunctionScriptingTraits (0ms)
		AnalyzeDomain (303ms)
			TypeCache.Refresh (279ms)
				TypeCache.ScanAssembly (264ms)
			ScanForSourceGeneratedMonoScriptInfo (0ms)
			ResolveRequiredComponents (24ms)
	FinalizeReload (1235ms)
		ReleaseScriptCaches (0ms)
		RebuildScriptCaches (0ms)
		SetupLoadedEditorAssemblies (519ms)
			LogAssemblyErrors (0ms)
			InitializePlatformSupportModulesInManaged (5ms)
			SetLoadedEditorAssemblies (4ms)
			RefreshPlugins (0ms)
			BeforeProcessingInitializeOnLoad (76ms)
			ProcessInitializeOnLoadAttributes (346ms)
			ProcessInitializeOnLoadMethodAttributes (80ms)
			AfterProcessingInitializeOnLoad (6ms)
			EditorAssembliesLoaded (0ms)
		ExecutionOrderSort2 (0ms)
		AwakeInstancesAfterBackupRestoration (21ms)
Refreshing native plugins compatible for Editor in 3.53 ms, found 2 plugins.
Preloading 0 native plugins for Editor in 0.00 ms.
Unloading 3488 Unused Serialized files (Serialized files now loaded: 0)
Unloading 39 unused Assets / (388.0 KB). Loaded Objects now: 4261.
Memory consumption went from 241.9 MB to 241.6 MB.
Total: 3.837600 ms (FindLiveObjects: 0.347900 ms CreateObjectMapping: 0.110800 ms MarkObjects: 3.255100 ms  DeleteObjects: 0.122700 ms)

Prepare: number of updated asset objects reloaded= 0
AssetImportParameters requested are different than current active one (requested -> active):
  custom:scripting/monoscript/fileName/MeteorSwarmScript.cs: 6ff54a634458dc66ead70ae5cbf2d1f2 -> 
  custom:scripting/monoscript/fileName/MirrorScript.cs: 44052d1a0179586d55e7d767cc7a7a95 -> 
  custom:container-demuxer-ogg: 62fdf1f143b41e24485cea50d1cbac27 -> 
  custom:scripting/monoscript/fileName/DemoScriptEditor.cs: daa0f2afa10d0b68293ad03f8632aaf3 -> 
  custom:scripting/monoscript/fileName/FireLightScript.cs: 48b9ad2a0b905afbfc70dab1787c7e86 -> 
  custom:video-decoder-ogg-theora: a1e56fd34408186e4bbccfd4996cb3dc -> 
  custom:framework-win-MediaFoundation: 216162199b28c13a410421893ffa2e32 -> 
  custom:CustomObjectIndexerAttribute: a3ef5dd2817f97addfee359851a9dba5 -> 
  custom:scripting/monoscript/fileName/DemoScript.cs: f70453e08119ca95f5f1a4f0dfab36aa -> 
  custom:container-demuxer-webm: 4f35f7cbe854078d1ac9338744f61a02 -> 
  custom:scripting/monoscript/fileName/SingleLineAttribute.cs: 4dfb29cf7aa5358eaec0c143035397cf -> 
  custom:container-muxer-webm: aa71ff27fc2769a1b78a27578f13a17b -> 
  custom:scripting/monoscript/fileName/MagicMirrorEditor.cs: 3393f15e175068bb2f2d0dfad69056a8 -> 
  custom:video-decoder-webm-vp8: 9c59270c3fd7afecdb556c50c9e8de78 -> 
  custom:scripting/monoscript/fileName/FireProjectileScript.cs: 2d281eee371f58c844d02f3a89ab4d27 -> 
  custom:scripting/monoscript/fileName/MirrorReflectionScript.cs: 4a01c0ba6ef4a66caa3df582311292e9 -> 
  custom:AudioImporter_EditorPlatform: d09bf68614088b80899f8185d706f6e7 -> 
  custom:scripting/monoscript/fileName/FireBaseScript.cs: 40eaa57b8558acc0d7541c966bf350e1 -> 
  custom:scripting/monoscript/fileName/FireConstantBaseScript.cs: 5e73485e03e1ad5c36c0de233555db46 -> 
  custom:scripting/monoscript/fileName/PyroParticlesEditor.cs: fee59225a15cfc1f239b8cceea91e420 -> 
  custom:scripting/monoscript/fileName/MirrorCameraScript.cs: 29fe08a1b4fe7d8d1af72655ae895e63 -> 
  custom:video-encoder-webm-vp8: eb34c28f22e8b96e1ab97ce403110664 -> 
  custom:audio-decoder-ogg-vorbis: bf7c407c2cedff20999df2af8eb42d56 -> 
  custom:scripting/monoscript/fileName/FireCollisionForwardScript.cs: 304e3b05ac7796692d6a091f1e220ef2 -> 
  custom:audio-encoder-webm-vorbis: bf7c407c2cedff20999df2af8eb42d56 -> 
========================================================================
Received Import Request.
  Time since last request: 121.391639 seconds.
  path: Assets/MyPrefabs/Characters/mixamo.com.anim
  artifactKey: Guid(1786285e15be2124db80842c8901739a) Importer(815301076,1909f56bfc062723c751e8b465ee728b)
Start importing Assets/MyPrefabs/Characters/mixamo.com.anim using Guid(1786285e15be2124db80842c8901739a) Importer(815301076,1909f56bfc062723c751e8b465ee728b)  -> (artifact id: '65e94edd17ef96f7923c250664a85478') in 0.022978 seconds
Number of updated asset objects reloaded before import = 0
Number of asset objects unloaded after import = 1
========================================================================
Received Import Request.
  Time since last request: 18.702833 seconds.
  path: Assets/MyPrefabs/Characters/Inspecting.anim
  artifactKey: Guid(1786285e15be2124db80842c8901739a) Importer(815301076,1909f56bfc062723c751e8b465ee728b)
Start importing Assets/MyPrefabs/Characters/Inspecting.anim using Guid(1786285e15be2124db80842c8901739a) Importer(815301076,1909f56bfc062723c751e8b465ee728b)  -> (artifact id: '9602200f2f17c78714f885177d460856') in 0.008739 seconds
Number of updated asset objects reloaded before import = 0
Number of asset objects unloaded after import = 1
========================================================================
Received Prepare
Begin MonoManager ReloadAssembly
- Loaded All Assemblies, in  0.794 seconds
Refreshing native plugins compatible for Editor in 3.60 ms, found 2 plugins.
Native extension for WindowsStandalone target not found
Mono: successfully reloaded assembly
- Finished resetting the current domain, in  1.233 seconds
Domain Reload Profiling: 2026ms
	BeginReloadAssembly (190ms)
		ExecutionOrderSort (0ms)
		DisableScriptedObjects (7ms)
		BackupInstance (0ms)
		ReleaseScriptingObjects (0ms)
		CreateAndSetChildDomain (45ms)
	RebuildCommonClasses (43ms)
	RebuildNativeTypeToScriptingClass (14ms)
	initialDomainReloadingComplete (32ms)
	LoadAllAssembliesAndSetupDomain (513ms)
		LoadAssemblies (311ms)
		RebuildTransferFunctionScriptingTraits (0ms)
		AnalyzeDomain (307ms)
			TypeCache.Refresh (294ms)
				TypeCache.ScanAssembly (279ms)
			ScanForSourceGeneratedMonoScriptInfo (0ms)
			ResolveRequiredComponents (12ms)
	FinalizeReload (1233ms)
		ReleaseScriptCaches (0ms)
		RebuildScriptCaches (0ms)
		SetupLoadedEditorAssemblies (530ms)
			LogAssemblyErrors (0ms)
			InitializePlatformSupportModulesInManaged (5ms)
			SetLoadedEditorAssemblies (4ms)
			RefreshPlugins (0ms)
			BeforeProcessingInitializeOnLoad (75ms)
			ProcessInitializeOnLoadAttributes (361ms)
			ProcessInitializeOnLoadMethodAttributes (81ms)
			AfterProcessingInitializeOnLoad (4ms)
			EditorAssembliesLoaded (0ms)
		ExecutionOrderSort2 (0ms)
		AwakeInstancesAfterBackupRestoration (23ms)
Refreshing native plugins compatible for Editor in 4.99 ms, found 2 plugins.
Preloading 0 native plugins for Editor in 0.00 ms.
Unloading 3488 Unused Serialized files (Serialized files now loaded: 0)
Unloading 39 unused Assets / (387.9 KB). Loaded Objects now: 4277.
Memory consumption went from 241.9 MB to 241.6 MB.
Total: 3.757200 ms (FindLiveObjects: 0.353000 ms CreateObjectMapping: 0.105300 ms MarkObjects: 3.176600 ms  DeleteObjects: 0.121500 ms)

Prepare: number of updated asset objects reloaded= 0
AssetImportParameters requested are different than current active one (requested -> active):
  custom:scripting/monoscript/fileName/MeteorSwarmScript.cs: 6ff54a634458dc66ead70ae5cbf2d1f2 -> 
  custom:scripting/monoscript/fileName/MirrorScript.cs: 44052d1a0179586d55e7d767cc7a7a95 -> 
  custom:container-demuxer-ogg: 62fdf1f143b41e24485cea50d1cbac27 -> 
  custom:scripting/monoscript/fileName/DemoScriptEditor.cs: daa0f2afa10d0b68293ad03f8632aaf3 -> 
  custom:scripting/monoscript/fileName/FireLightScript.cs: 48b9ad2a0b905afbfc70dab1787c7e86 -> 
  custom:video-decoder-ogg-theora: a1e56fd34408186e4bbccfd4996cb3dc -> 
  custom:framework-win-MediaFoundation: 216162199b28c13a410421893ffa2e32 -> 
  custom:CustomObjectIndexerAttribute: a3ef5dd2817f97addfee359851a9dba5 -> 
  custom:scripting/monoscript/fileName/DemoScript.cs: f70453e08119ca95f5f1a4f0dfab36aa -> 
  custom:container-demuxer-webm: 4f35f7cbe854078d1ac9338744f61a02 -> 
  custom:scripting/monoscript/fileName/SingleLineAttribute.cs: 4dfb29cf7aa5358eaec0c143035397cf -> 
  custom:container-muxer-webm: aa71ff27fc2769a1b78a27578f13a17b -> 
  custom:scripting/monoscript/fileName/MagicMirrorEditor.cs: 3393f15e175068bb2f2d0dfad69056a8 -> 
  custom:video-decoder-webm-vp8: 9c59270c3fd7afecdb556c50c9e8de78 -> 
  custom:scripting/monoscript/fileName/FireProjectileScript.cs: 2d281eee371f58c844d02f3a89ab4d27 -> 
  custom:scripting/monoscript/fileName/MirrorReflectionScript.cs: 4a01c0ba6ef4a66caa3df582311292e9 -> 
  custom:AudioImporter_EditorPlatform: d09bf68614088b80899f8185d706f6e7 -> 
  custom:scripting/monoscript/fileName/FireBaseScript.cs: 40eaa57b8558acc0d7541c966bf350e1 -> 
  custom:scripting/monoscript/fileName/FireConstantBaseScript.cs: 5e73485e03e1ad5c36c0de233555db46 -> 
  custom:scripting/monoscript/fileName/PyroParticlesEditor.cs: fee59225a15cfc1f239b8cceea91e420 -> 
  custom:scripting/monoscript/fileName/MirrorCameraScript.cs: 29fe08a1b4fe7d8d1af72655ae895e63 -> 
  custom:video-encoder-webm-vp8: eb34c28f22e8b96e1ab97ce403110664 -> 
  custom:audio-decoder-ogg-vorbis: bf7c407c2cedff20999df2af8eb42d56 -> 
  custom:scripting/monoscript/fileName/FireCollisionForwardScript.cs: 304e3b05ac7796692d6a091f1e220ef2 -> 
  custom:audio-encoder-webm-vorbis: bf7c407c2cedff20999df2af8eb42d56 -> 
========================================================================
Received Prepare
Begin MonoManager ReloadAssembly
- Loaded All Assemblies, in  0.777 seconds
Refreshing native plugins compatible for Editor in 3.49 ms, found 2 plugins.
Native extension for WindowsStandalone target not found
Mono: successfully reloaded assembly
- Finished resetting the current domain, in  1.236 seconds
Domain Reload Profiling: 2013ms
	BeginReloadAssembly (184ms)
		ExecutionOrderSort (0ms)
		DisableScriptedObjects (7ms)
		BackupInstance (0ms)
		ReleaseScriptingObjects (0ms)
		CreateAndSetChildDomain (39ms)
	RebuildCommonClasses (49ms)
	RebuildNativeTypeToScriptingClass (17ms)
	initialDomainReloadingComplete (39ms)
	LoadAllAssembliesAndSetupDomain (486ms)
		LoadAssemblies (303ms)
		RebuildTransferFunctionScriptingTraits (0ms)
		AnalyzeDomain (285ms)
			TypeCache.Refresh (273ms)
				TypeCache.ScanAssembly (259ms)
			ScanForSourceGeneratedMonoScriptInfo (0ms)
			ResolveRequiredComponents (12ms)
	FinalizeReload (1237ms)
		ReleaseScriptCaches (0ms)
		RebuildScriptCaches (0ms)
		SetupLoadedEditorAssemblies (529ms)
			LogAssemblyErrors (0ms)
			InitializePlatformSupportModulesInManaged (7ms)
			SetLoadedEditorAssemblies (5ms)
			RefreshPlugins (0ms)
			BeforeProcessingInitializeOnLoad (75ms)
			ProcessInitializeOnLoadAttributes (353ms)
			ProcessInitializeOnLoadMethodAttributes (85ms)
			AfterProcessingInitializeOnLoad (4ms)
			EditorAssembliesLoaded (0ms)
		ExecutionOrderSort2 (0ms)
		AwakeInstancesAfterBackupRestoration (21ms)
Refreshing native plugins compatible for Editor in 3.99 ms, found 2 plugins.
Preloading 0 native plugins for Editor in 0.00 ms.
Unloading 3488 Unused Serialized files (Serialized files now loaded: 0)
Unloading 39 unused Assets / (387.9 KB). Loaded Objects now: 4293.
Memory consumption went from 242.0 MB to 241.6 MB.
Total: 3.999700 ms (FindLiveObjects: 0.444300 ms CreateObjectMapping: 0.215900 ms MarkObjects: 3.217100 ms  DeleteObjects: 0.120700 ms)

Prepare: number of updated asset objects reloaded= 0
AssetImportParameters requested are different than current active one (requested -> active):
  custom:scripting/monoscript/fileName/MeteorSwarmScript.cs: 6ff54a634458dc66ead70ae5cbf2d1f2 -> 
  custom:scripting/monoscript/fileName/MirrorScript.cs: 44052d1a0179586d55e7d767cc7a7a95 -> 
  custom:container-demuxer-ogg: 62fdf1f143b41e24485cea50d1cbac27 -> 
  custom:scripting/monoscript/fileName/DemoScriptEditor.cs: daa0f2afa10d0b68293ad03f8632aaf3 -> 
  custom:scripting/monoscript/fileName/FireLightScript.cs: 48b9ad2a0b905afbfc70dab1787c7e86 -> 
  custom:video-decoder-ogg-theora: a1e56fd34408186e4bbccfd4996cb3dc -> 
  custom:framework-win-MediaFoundation: 216162199b28c13a410421893ffa2e32 -> 
  custom:CustomObjectIndexerAttribute: a3ef5dd2817f97addfee359851a9dba5 -> 
  custom:scripting/monoscript/fileName/DemoScript.cs: f70453e08119ca95f5f1a4f0dfab36aa -> 
  custom:container-demuxer-webm: 4f35f7cbe854078d1ac9338744f61a02 -> 
  custom:scripting/monoscript/fileName/SingleLineAttribute.cs: 4dfb29cf7aa5358eaec0c143035397cf -> 
  custom:container-muxer-webm: aa71ff27fc2769a1b78a27578f13a17b -> 
  custom:scripting/monoscript/fileName/MagicMirrorEditor.cs: 3393f15e175068bb2f2d0dfad69056a8 -> 
  custom:video-decoder-webm-vp8: 9c59270c3fd7afecdb556c50c9e8de78 -> 
  custom:scripting/monoscript/fileName/FireProjectileScript.cs: 2d281eee371f58c844d02f3a89ab4d27 -> 
  custom:scripting/monoscript/fileName/MirrorReflectionScript.cs: 4a01c0ba6ef4a66caa3df582311292e9 -> 
  custom:AudioImporter_EditorPlatform: d09bf68614088b80899f8185d706f6e7 -> 
  custom:scripting/monoscript/fileName/FireBaseScript.cs: 40eaa57b8558acc0d7541c966bf350e1 -> 
  custom:scripting/monoscript/fileName/FireConstantBaseScript.cs: 5e73485e03e1ad5c36c0de233555db46 -> 
  custom:scripting/monoscript/fileName/PyroParticlesEditor.cs: fee59225a15cfc1f239b8cceea91e420 -> 
  custom:scripting/monoscript/fileName/MirrorCameraScript.cs: 29fe08a1b4fe7d8d1af72655ae895e63 -> 
  custom:video-encoder-webm-vp8: eb34c28f22e8b96e1ab97ce403110664 -> 
  custom:audio-decoder-ogg-vorbis: bf7c407c2cedff20999df2af8eb42d56 -> 
  custom:scripting/monoscript/fileName/FireCollisionForwardScript.cs: 304e3b05ac7796692d6a091f1e220ef2 -> 
  custom:audio-encoder-webm-vorbis: bf7c407c2cedff20999df2af8eb42d56 -> 
========================================================================
Received Prepare
Begin MonoManager ReloadAssembly
- Loaded All Assemblies, in  0.783 seconds
Refreshing native plugins compatible for Editor in 3.64 ms, found 2 plugins.
Native extension for WindowsStandalone target not found
Mono: successfully reloaded assembly
- Finished resetting the current domain, in  1.229 seconds
Domain Reload Profiling: 2011ms
	BeginReloadAssembly (194ms)
		ExecutionOrderSort (0ms)
		DisableScriptedObjects (7ms)
		BackupInstance (0ms)
		ReleaseScriptingObjects (0ms)
		CreateAndSetChildDomain (42ms)
	RebuildCommonClasses (48ms)
	RebuildNativeTypeToScriptingClass (16ms)
	initialDomainReloadingComplete (32ms)
	LoadAllAssembliesAndSetupDomain (491ms)
		LoadAssemblies (309ms)
		RebuildTransferFunctionScriptingTraits (0ms)
		AnalyzeDomain (290ms)
			TypeCache.Refresh (278ms)
				TypeCache.ScanAssembly (264ms)
			ScanForSourceGeneratedMonoScriptInfo (0ms)
			ResolveRequiredComponents (12ms)
	FinalizeReload (1229ms)
		ReleaseScriptCaches (0ms)
		RebuildScriptCaches (0ms)
		SetupLoadedEditorAssemblies (531ms)
			LogAssemblyErrors (0ms)
			InitializePlatformSupportModulesInManaged (5ms)
			SetLoadedEditorAssemblies (4ms)
			RefreshPlugins (0ms)
			BeforeProcessingInitializeOnLoad (78ms)
			ProcessInitializeOnLoadAttributes (349ms)
			ProcessInitializeOnLoadMethodAttributes (89ms)
			AfterProcessingInitializeOnLoad (5ms)
			EditorAssembliesLoaded (0ms)
		ExecutionOrderSort2 (0ms)
		AwakeInstancesAfterBackupRestoration (20ms)
Refreshing native plugins compatible for Editor in 3.79 ms, found 2 plugins.
Preloading 0 native plugins for Editor in 0.00 ms.
Unloading 3488 Unused Serialized files (Serialized files now loaded: 0)
Unloading 39 unused Assets / (387.9 KB). Loaded Objects now: 4309.
Memory consumption went from 242.0 MB to 241.6 MB.
Total: 3.986200 ms (FindLiveObjects: 0.392900 ms CreateObjectMapping: 0.107100 ms MarkObjects: 3.342700 ms  DeleteObjects: 0.141800 ms)

Prepare: number of updated asset objects reloaded= 0
AssetImportParameters requested are different than current active one (requested -> active):
  custom:scripting/monoscript/fileName/MeteorSwarmScript.cs: 6ff54a634458dc66ead70ae5cbf2d1f2 -> 
  custom:scripting/monoscript/fileName/MirrorScript.cs: 44052d1a0179586d55e7d767cc7a7a95 -> 
  custom:container-demuxer-ogg: 62fdf1f143b41e24485cea50d1cbac27 -> 
  custom:scripting/monoscript/fileName/DemoScriptEditor.cs: daa0f2afa10d0b68293ad03f8632aaf3 -> 
  custom:scripting/monoscript/fileName/FireLightScript.cs: 48b9ad2a0b905afbfc70dab1787c7e86 -> 
  custom:video-decoder-ogg-theora: a1e56fd34408186e4bbccfd4996cb3dc -> 
  custom:framework-win-MediaFoundation: 216162199b28c13a410421893ffa2e32 -> 
  custom:CustomObjectIndexerAttribute: a3ef5dd2817f97addfee359851a9dba5 -> 
  custom:scripting/monoscript/fileName/DemoScript.cs: f70453e08119ca95f5f1a4f0dfab36aa -> 
  custom:container-demuxer-webm: 4f35f7cbe854078d1ac9338744f61a02 -> 
  custom:scripting/monoscript/fileName/SingleLineAttribute.cs: 4dfb29cf7aa5358eaec0c143035397cf -> 
  custom:container-muxer-webm: aa71ff27fc2769a1b78a27578f13a17b -> 
  custom:scripting/monoscript/fileName/MagicMirrorEditor.cs: 3393f15e175068bb2f2d0dfad69056a8 -> 
  custom:video-decoder-webm-vp8: 9c59270c3fd7afecdb556c50c9e8de78 -> 
  custom:scripting/monoscript/fileName/FireProjectileScript.cs: 2d281eee371f58c844d02f3a89ab4d27 -> 
  custom:scripting/monoscript/fileName/MirrorReflectionScript.cs: 4a01c0ba6ef4a66caa3df582311292e9 -> 
  custom:AudioImporter_EditorPlatform: d09bf68614088b80899f8185d706f6e7 -> 
  custom:scripting/monoscript/fileName/FireBaseScript.cs: 40eaa57b8558acc0d7541c966bf350e1 -> 
  custom:scripting/monoscript/fileName/FireConstantBaseScript.cs: 5e73485e03e1ad5c36c0de233555db46 -> 
  custom:scripting/monoscript/fileName/PyroParticlesEditor.cs: fee59225a15cfc1f239b8cceea91e420 -> 
  custom:scripting/monoscript/fileName/MirrorCameraScript.cs: 29fe08a1b4fe7d8d1af72655ae895e63 -> 
  custom:video-encoder-webm-vp8: eb34c28f22e8b96e1ab97ce403110664 -> 
  custom:audio-decoder-ogg-vorbis: bf7c407c2cedff20999df2af8eb42d56 -> 
  custom:scripting/monoscript/fileName/FireCollisionForwardScript.cs: 304e3b05ac7796692d6a091f1e220ef2 -> 
  custom:audio-encoder-webm-vorbis: bf7c407c2cedff20999df2af8eb42d56 -> 
========================================================================
Received Import Request.
  Time since last request: 1628.821413 seconds.
  path: Assets/MY MODELS/Warzombie F Pedroso.fbx
  artifactKey: Guid(35b83beca7d235a4c85e155a9bd988a3) Importer(815301076,1909f56bfc062723c751e8b465ee728b)
Start importing Assets/MY MODELS/Warzombie F Pedroso.fbx using Guid(35b83beca7d235a4c85e155a9bd988a3) Importer(815301076,1909f56bfc062723c751e8b465ee728b)  -> (artifact id: 'd06874e041bb0adae4a1f85a8e6dc333') in 0.029153 seconds
Number of updated asset objects reloaded before import = 0
Number of asset objects unloaded after import = 155
